{"meta": {"version": "7.3.2", "timestamp": "2024-03-14T11:14:23.315395", "branch_coverage": true, "show_contexts": false}, "files": {"docs/conf.py": {"executed_lines": [7, 8, 9, 11, 15, 17, 18, 19, 27, 28, 31, 32, 33, 35, 36, 39, 42, 52, 53, 54, 55, 56, 59, 60, 61], "summary": {"covered_lines": 25, "num_statements": 440, "percent_covered": 4.891304347826087, "percent_covered_display": "4.89", "missing_lines": 415, "excluded_lines": 0, "num_branches": 112, "num_partial_branches": 0, "covered_branches": 2, "missing_branches": 110}, "missing_lines": [62, 64, 68, 70, 72, 73, 74, 82, 94, 99, 101, 104, 105, 106, 107, 108, 109, 110, 113, 114, 115, 117, 125, 135, 136, 143, 148, 150, 156, 157, 159, 160, 163, 164, 165, 166, 167, 168, 169, 170, 171, 174, 175, 176, 177, 178, 179, 180, 184, 185, 187, 194, 195, 196, 203, 205, 206, 209, 212, 213, 216, 219, 220, 223, 226, 227, 229, 230, 231, 232, 233, 234, 235, 237, 238, 239, 241, 242, 243, 245, 246, 248, 249, 250, 252, 253, 254, 256, 258, 261, 262, 265, 271, 278, 288, 289, 290, 292, 293, 294, 301, 302, 303, 305, 306, 307, 314, 315, 316, 318, 319, 320, 329, 331, 334, 335, 338, 339, 341, 342, 343, 344, 345, 346, 349, 350, 351, 352, 354, 355, 356, 357, 360, 367, 370, 371, 374, 377, 378, 381, 384, 385, 388, 391, 392, 395, 397, 400, 401, 402, 403, 404, 407, 411, 413, 414, 421, 423, 426, 439, 440, 454, 455, 456, 459, 460, 469, 471, 472, 473, 474, 475, 476, 477, 478, 480, 483, 484, 486, 487, 488, 489, 491, 492, 493, 494, 495, 497, 498, 500, 501, 503, 504, 506, 507, 510, 513, 528, 532, 534, 537, 538, 540, 541, 542, 543, 545, 546, 547, 549, 550, 553, 559, 561, 562, 564, 567, 568, 569, 570, 571, 572, 573, 574, 575, 576, 577, 578, 579, 582, 586, 587, 589, 591, 594, 595, 596, 597, 605, 606, 607, 608, 609, 611, 614, 615, 619, 620, 622, 623, 624, 625, 626, 631, 632, 633, 636, 637, 640, 642, 643, 647, 650, 653, 657, 659, 661, 663, 665, 666, 667, 668, 669, 670, 673, 674, 675, 677, 678, 682, 683, 686, 690, 691, 695, 699, 700, 703, 707, 708, 712, 716, 717, 720, 724, 725, 727, 730, 732, 734, 736, 739, 740, 741, 742, 743, 744, 745, 748, 749, 750, 751, 752, 755, 758, 761, 762, 764, 765, 766, 767, 768, 770, 771, 775, 776, 777, 778, 779, 780, 783, 785, 788, 790, 791, 792, 793, 794, 795, 796, 797, 798, 799, 800, 803, 806, 807, 808, 810, 813, 814, 817, 818, 819, 820, 822, 825, 826, 828, 833, 834, 835, 836, 837, 838, 843, 846, 847, 850, 851, 853, 854, 855, 856, 858, 859, 861, 862, 863, 865, 866, 875, 878, 879, 884, 885, 886, 892, 893, 894, 897, 898, 899, 900, 901, 902, 903, 904, 907, 910, 912, 914, 916, 919, 920, 921, 924, 925, 926, 927, 928, 929, 931, 934, 937], "excluded_lines": [], "executed_branches": [[52, 53], [52, 56]], "missing_branches": [[165, -165], [165, 166], [167, -167], [167, 168], [171, -171], [171, -163], [175, 176], [175, 178], [176, 175], [176, 177], [178, 179], [178, 184], [179, 178], [179, 180], [233, 234], [233, 237], [248, 249], [248, 252], [293, -288], [293, 292], [306, -301], [306, 305], [319, -314], [319, 318], [338, 339], [338, 341], [343, 344], [343, 345], [345, 346], [345, 349], [349, 350], [349, 352], [350, 349], [350, 351], [354, -354], [354, 355], [356, -356], [356, 357], [439, 440], [439, 454], [473, 474], [473, 478], [487, 488], [487, 504], [489, 487], [489, 491], [491, 487], [491, 492], [493, 494], [493, 495], [495, 497], [495, 500], [501, 487], [501, 503], [542, 543], [542, 545], [569, 570], [569, 576], [570, -570], [570, 571], [571, 572], [571, 576], [595, 596], [595, 597], [597, 605], [597, 606], [606, 607], [606, 608], [608, 609], [608, 611], [623, 624], [623, 631], [744, 745], [744, 748], [765, 766], [765, 768], [776, 777], [776, 780], [778, 779], [778, 780], [790, 791], [790, 792], [792, 793], [792, 794], [796, 797], [796, 798], [825, 826], [825, 828], [834, 835], [834, 853], [835, 836], [835, 837], [846, 834], [846, 847], [850, 846], [850, 851], [854, 855], [854, 856], [856, 858], [856, 859], [859, 861], [859, 875], [865, -865], [865, 866], [879, 884], [879, 886], [920, 921], [920, 931], [924, 925], [924, 926]]}, "src/scenic/__init__.py": {"executed_lines": [1, 3, 4, 5, 7, 8], "summary": {"covered_lines": 5, "num_statements": 5, "percent_covered": 100.0, "percent_covered_display": "100.00", "missing_lines": 0, "excluded_lines": 0, "num_branches": 0, "num_partial_branches": 0, "covered_branches": 0, "missing_branches": 0}, "missing_lines": [], "excluded_lines": [], "executed_branches": [], "missing_branches": []}, "src/scenic/__main__.py": {"executed_lines": [4, 5, 6, 7, 8, 9, 11, 13, 14, 15, 16, 17, 19, 27, 28, 35, 36, 44, 53, 59, 62, 65, 70, 71, 75, 84, 85, 92, 99, 104, 105, 108, 111, 114, 119, 124, 125, 131, 132, 133, 136, 137, 145, 150, 153, 154, 155, 157, 158, 160, 163, 169, 170, 172, 173, 174, 175, 176, 177, 178, 179, 180, 181, 182, 183, 184, 185, 186, 188, 189, 192, 193, 194, 195, 204, 205, 206, 208, 209, 212, 213, 214, 217, 218, 219, 220, 221, 222, 223, 226, 227, 228, 229, 230, 231, 243, 244, 245, 246, 247, 248, 253, 254, 257, 258, 260, 270, 271, 272, 273, 274, 275, 276, 289, 290, 293, 294, 295, 296, 297, 299, 300, 310, 311, 312, 313, 319, 320, 321, 323, 324, 325, 326, 327, 333, 334, 337, 338], "summary": {"covered_lines": 138, "num_statements": 169, "percent_covered": 75.10548523206751, "percent_covered_display": "75.11", "missing_lines": 31, "excluded_lines": 0, "num_branches": 68, "num_partial_branches": 16, "covered_branches": 40, "missing_branches": 28}, "missing_lines": [159, 161, 239, 240, 241, 242, 249, 250, 251, 261, 262, 264, 265, 278, 279, 280, 281, 283, 284, 285, 287, 303, 305, 307, 308, 314, 315, 316, 317, 329, 330], "excluded_lines": [], "executed_branches": [[157, 158], [158, 160], [160, 163], [170, 172], [170, 180], [184, 185], [184, 192], [185, 186], [192, 193], [195, -195], [195, 195], [195, 204], [205, 206], [208, 209], [208, 212], [214, -214], [214, 214], [214, 217], [217, 218], [220, 221], [220, 223], [221, 222], [221, 223], [228, 229], [231, -231], [231, 231], [231, 243], [243, 244], [246, 247], [247, 248], [247, 254], [248, 253], [258, 260], [258, 293], [260, 270], [273, 274], [275, 276], [289, 290], [297, 299], [311, 312], [311, 321], [333, 334], [333, 337]], "missing_branches": [[157, 163], [158, 159], [160, 161], [185, 188], [192, 194], [205, 208], [217, 223], [228, 230], [240, 241], [240, 242], [243, 246], [246, 254], [248, 249], [250, 247], [250, 251], [260, 261], [264, 265], [264, 270], [273, 278], [275, 289], [279, 280], [279, 287], [280, 281], [280, 283], [289, 271], [297, 303], [315, 316], [315, 317]]}, "src/scenic/core/__init__.py": {"executed_lines": [1], "summary": {"covered_lines": 0, "num_statements": 0, "percent_covered": 100.0, "percent_covered_display": "100.00", "missing_lines": 0, "excluded_lines": 0, "num_branches": 0, "num_partial_branches": 0, "covered_branches": 0, "missing_branches": 0}, "missing_lines": [], "excluded_lines": [], "executed_branches": [], "missing_branches": []}, "src/scenic/core/distributions.py": {"executed_lines": [1, 3, 4, 5, 6, 7, 8, 9, 10, 12, 14, 15, 25, 36, 38, 39, 40, 41, 43, 46, 47, 50, 51, 54, 55, 56, 59, 67, 69, 70, 73, 75, 78, 80, 81, 84, 85, 87, 90, 91, 96, 102, 103, 120, 121, 122, 123, 124, 125, 126, 127, 128, 130, 131, 137, 138, 139, 140, 141, 143, 145, 146, 147, 148, 149, 150, 152, 164, 165, 166, 168, 169, 170, 171, 173, 175, 176, 178, 180, 182, 183, 186, 187, 192, 193, 194, 195, 197, 198, 201, 202, 219, 230, 232, 233, 235, 237, 238, 239, 240, 242, 243, 245, 247, 248, 249, 250, 251, 256, 258, 259, 260, 261, 262, 263, 264, 266, 271, 273, 274, 275, 277, 278, 279, 280, 281, 283, 292, 295, 299, 301, 302, 303, 305, 307, 320, 326, 328, 329, 330, 331, 333, 334, 336, 337, 339, 340, 344, 345, 346, 347, 348, 349, 351, 352, 354, 355, 361, 362, 364, 366, 367, 368, 369, 371, 372, 374, 375, 377, 378, 380, 381, 383, 384, 385, 387, 388, 389, 391, 392, 397, 398, 400, 402, 403, 404, 405, 406, 408, 409, 411, 412, 413, 414, 415, 417, 421, 427, 428, 429, 430, 431, 433, 434, 435, 436, 437, 438, 439, 442, 443, 445, 447, 448, 449, 450, 451, 452, 453, 454, 455, 456, 458, 459, 460, 461, 462, 463, 464, 465, 466, 470, 472, 473, 474, 476, 477, 478, 479, 480, 482, 483, 484, 485, 486, 487, 489, 493, 501, 502, 506, 507, 508, 509, 510, 511, 512, 513, 519, 521, 523, 526, 529, 530, 531, 532, 533, 534, 535, 537, 540, 541, 543, 545, 546, 547, 548, 549, 551, 552, 554, 555, 557, 561, 562, 564, 566, 567, 568, 569, 570, 571, 572, 573, 574, 575, 577, 578, 579, 580, 581, 583, 584, 585, 587, 588, 589, 590, 591, 593, 598, 600, 603, 604, 605, 606, 607, 608, 609, 610, 611, 612, 616, 618, 620, 623, 624, 626, 628, 629, 630, 631, 632, 633, 634, 636, 637, 640, 641, 642, 643, 644, 645, 646, 649, 650, 651, 652, 653, 656, 657, 658, 659, 662, 667, 670, 672, 673, 674, 676, 677, 678, 680, 681, 682, 683, 684, 685, 687, 688, 689, 690, 691, 692, 693, 695, 696, 698, 702, 703, 705, 707, 708, 709, 710, 711, 712, 713, 714, 715, 716, 717, 718, 719, 721, 723, 725, 726, 729, 730, 731, 732, 733, 734, 737, 738, 739, 740, 743, 744, 745, 746, 749, 750, 751, 753, 756, 759, 760, 761, 762, 763, 764, 765, 766, 767, 768, 769, 771, 772, 774, 775, 776, 777, 778, 781, 782, 783, 784, 785, 786, 787, 788, 789, 790, 791, 794, 796, 797, 798, 799, 800, 801, 802, 803, 804, 805, 810, 812, 813, 814, 815, 817, 818, 828, 829, 830, 831, 833, 834, 835, 836, 837, 838, 839, 840, 841, 842, 843, 844, 845, 846, 847, 848, 849, 852, 853, 854, 855, 860, 861, 862, 863, 864, 865, 866, 867, 868, 869, 870, 872, 875, 877, 878, 884, 892, 912, 915, 917, 918, 923, 924, 926, 928, 929, 930, 932, 934, 935, 936, 938, 940, 941, 947, 951, 952, 954, 957, 958, 959, 961, 962, 963, 964, 965, 967, 970, 971, 973, 975, 976, 977, 978, 979, 980, 982, 983, 984, 985, 987, 990, 991, 992, 994, 995, 996, 997, 998, 1000, 1006, 1007, 1013, 1014, 1016, 1017, 1018, 1019, 1020, 1021, 1023, 1024, 1026, 1027, 1028, 1029, 1030, 1031, 1032, 1033, 1034, 1035, 1036, 1037, 1038, 1040, 1041, 1043, 1044, 1045, 1046, 1048, 1049, 1051, 1052, 1055, 1056, 1058, 1059, 1060, 1061, 1062, 1063, 1065, 1066, 1067, 1069, 1070, 1071, 1073, 1075, 1076, 1078, 1079, 1080, 1083, 1084, 1085, 1086, 1087, 1088, 1089, 1090, 1091, 1093, 1094, 1095, 1097, 1098, 1099, 1100, 1104, 1105, 1106, 1107, 1108, 1109, 1110, 1111, 1112, 1113, 1114, 1115, 1116, 1118, 1119, 1121, 1122, 1123, 1124, 1126, 1127, 1130, 1131, 1133, 1134, 1137, 1138, 1139, 1142, 1143, 1144, 1146, 1147, 1149, 1150, 1151, 1154, 1155, 1156, 1157, 1158, 1159, 1161, 1162, 1163, 1166, 1167, 1170, 1171, 1172, 1176, 1177, 1178, 1179, 1180, 1183, 1184, 1186, 1188, 1189, 1190, 1191, 1192, 1193, 1195, 1196, 1197, 1199, 1200, 1201, 1202, 1204, 1205, 1207, 1208, 1211, 1212, 1214, 1215, 1216, 1217, 1218, 1219, 1222, 1223, 1226, 1227, 1228, 1230, 1231, 1232, 1234, 1237, 1240, 1241, 1242, 1244, 1245, 1247, 1248, 1250, 1251, 1252, 1253, 1254, 1255, 1256, 1258, 1259, 1260, 1261, 1263, 1271, 1272, 1277, 1278, 1279, 1280, 1281, 1282, 1285, 1286, 1287, 1288, 1289, 1290, 1291, 1293, 1294, 1295, 1296, 1297, 1301, 1302, 1304, 1305, 1306, 1308, 1309, 1311, 1312, 1314, 1315, 1316, 1318, 1322, 1323, 1326, 1327, 1330, 1331, 1337, 1338, 1340, 1343, 1344, 1352, 1354, 1355, 1356, 1357, 1358, 1359, 1360, 1362, 1363, 1366, 1368, 1371, 1372, 1373, 1374, 1375, 1376, 1378, 1379, 1380, 1382, 1383, 1384, 1386], "summary": {"covered_lines": 766, "num_statements": 783, "percent_covered": 96.7687074829932, "percent_covered_display": "96.77", "missing_lines": 17, "excluded_lines": 46, "num_branches": 393, "num_partial_branches": 17, "covered_branches": 372, "missing_branches": 21}, "missing_lines": [60, 61, 62, 63, 64, 601, 694, 806, 832, 851, 857, 931, 946, 1001, 1194, 1229, 1369], "excluded_lines": [162, 271, 318, 387, 388, 389, 390, 391, 392, 393, 394, 417, 418, 489, 490, 557, 558, 593, 594, 595, 698, 699, 859, 874, 877, 878, 1051, 1052, 1126, 1127, 1207, 1208, 1263, 1264, 1265, 1266, 1267, 1268, 1322, 1323, 1324, 1325, 1326, 1327, 1386, 1387], "executed_branches": [[38, 39], [38, 40], [40, 41], [40, 43], [123, 124], [123, 127], [124, 123], [124, 125], [131, 130], [131, 143], [138, 139], [138, 141], [139, 138], [139, 140], [145, 146], [145, 147], [147, 148], [147, 150], [148, 147], [148, 149], [165, -164], [165, 166], [169, 170], [169, 171], [182, -182], [182, 182], [182, 183], [237, 238], [237, 250], [242, 243], [242, 245], [250, 251], [250, 256], [262, 263], [262, 264], [273, 274], [273, 275], [274, 273], [274, 275], [275, 274], [275, 283], [292, 295], [292, 299], [302, 303], [302, 305], [329, 330], [329, 331], [381, -381], [381, -380], [381, 381], [384, -384], [384, 384], [384, 385], [427, 428], [427, 435], [428, -428], [428, 428], [428, 429], [429, -429], [429, 429], [429, 430], [429, 439], [430, 431], [430, 433], [435, 436], [435, 439], [437, -437], [437, 437], [437, 438], [437, 439], [448, -448], [448, 448], [448, 449], [449, -449], [449, 449], [449, 450], [450, 451], [450, 452], [460, 461], [460, 473], [461, 462], [461, 472], [473, -473], [473, 473], [473, 474], [478, -478], [478, 478], [478, 479], [479, -479], [479, 480], [483, 484], [483, 485], [485, -485], [485, 485], [485, 486], [486, -486], [486, 486], [486, 487], [501, 502], [501, 506], [502, -502], [502, -493], [502, 502], [506, 507], [506, 508], [507, 506], [507, 508], [508, 507], [508, 523], [509, -509], [509, 509], [509, 510], [510, -510], [510, 510], [510, 511], [511, -511], [511, 511], [511, 512], [511, 513], [513, -513], [513, 513], [513, 519], [513, 521], [531, -531], [531, 532], [532, -532], [532, 533], [567, -567], [567, 567], [567, 568], [568, -568], [568, 568], [568, 569], [569, 570], [579, 580], [579, 584], [580, 581], [580, 583], [584, -584], [584, 584], [584, 585], [589, -589], [589, 589], [589, 590], [590, -590], [590, 591], [600, 603], [603, 604], [603, 605], [604, 603], [604, 605], [605, 604], [605, 620], [606, 607], [606, 608], [608, -608], [608, 608], [608, 609], [609, -609], [609, 609], [609, 610], [610, -610], [610, 610], [610, 611], [610, 612], [612, -612], [612, 612], [612, 616], [612, 618], [629, 630], [637, 636], [637, 672], [643, 644], [643, 649], [650, 651], [650, 662], [652, 653], [652, 659], [653, 656], [653, 657], [662, 662], [662, 667], [662, 670], [682, 683], [682, 685], [683, -683], [683, 683], [683, 684], [684, -684], [684, -680], [684, 684], [690, 691], [692, 693], [693, 695], [708, -708], [708, 708], [708, 709], [709, 710], [709, 712], [717, 718], [717, 723], [718, 719], [718, 721], [726, 725], [726, 796], [731, 732], [731, 737], [733, 734], [733, 737], [737, 738], [737, 749], [739, 740], [739, 746], [740, 743], [740, 744], [753, -753], [753, 753], [753, 756], [753, 759], [759, 760], [759, 794], [760, 761], [760, 789], [765, 766], [765, 767], [767, 768], [767, 786], [769, 771], [772, 774], [772, 775], [775, 776], [775, 781], [777, 778], [777, 788], [781, -781], [781, 781], [781, 782], [781, 783], [784, 785], [784, 788], [786, 787], [789, 790], [790, 791], [790, 794], [798, -798], [798, 798], [798, 799], [801, 802], [801, 805], [805, 810], [814, -814], [814, 814], [814, 815], [818, 828], [818, 861], [831, 833], [833, 834], [833, 836], [836, 837], [836, 839], [839, 840], [839, 842], [842, 843], [842, 846], [846, 847], [846, 852], [847, 848], [853, 854], [861, 862], [861, 875], [864, 865], [864, 866], [867, 868], [867, 869], [869, 870], [869, 872], [915, 917], [915, 926], [918, 918], [918, 923], [918, 924], [926, 928], [926, 938], [929, 930], [929, 936], [930, 932], [934, 935], [934, 936], [938, 940], [938, 951], [941, 941], [941, 947], [957, 958], [957, 964], [958, 959], [958, 961], [964, 965], [964, 967], [977, -977], [977, 977], [977, 978], [1007, -1007], [1007, -1006], [1007, 1007], [1027, 1028], [1027, 1029], [1029, 1030], [1029, 1031], [1031, 1032], [1031, 1033], [1035, 1036], [1035, 1038], [1066, 1065], [1066, 1069], [1070, 1069], [1070, 1075], [1079, 1080], [1079, 1083], [1083, 1084], [1083, 1085], [1085, 1086], [1085, 1097], [1086, 1087], [1086, 1088], [1088, 1089], [1088, 1090], [1090, 1091], [1090, 1093], [1098, 1099], [1098, 1104], [1099, 1098], [1099, 1100], [1104, 1105], [1104, 1106], [1107, -1107], [1107, 1107], [1107, 1108], [1111, 1112], [1111, 1115], [1134, 1134], [1134, 1137], [1134, 1138], [1138, 1139], [1138, 1142], [1150, 1151], [1150, 1154], [1154, 1155], [1154, 1156], [1156, 1157], [1156, 1161], [1157, 1158], [1157, 1159], [1162, 1163], [1162, 1166], [1166, 1167], [1166, 1170], [1170, 1171], [1170, 1176], [1171, 1170], [1171, 1172], [1177, 1178], [1177, 1184], [1193, 1195], [1215, 1216], [1215, 1234], [1216, 1217], [1216, 1218], [1218, 1219], [1218, 1222], [1222, 1223], [1222, 1226], [1228, 1230], [1251, 1252], [1251, 1253], [1254, 1255], [1254, 1256], [1278, 1279], [1278, 1293], [1280, 1281], [1280, 1291], [1281, 1282], [1281, 1285], [1285, 1286], [1285, 1287], [1287, 1288], [1287, 1289], [1296, 1297], [1296, 1301], [1305, 1304], [1305, 1308], [1315, 1316], [1315, 1318], [1316, -1316], [1316, -1314], [1316, 1316], [1318, -1318], [1318, -1314], [1318, 1318], [1331, 1330], [1331, 1343], [1337, -1337], [1337, 1337], [1337, 1338], [1337, 1340], [1358, 1359], [1358, 1363], [1359, 1360], [1359, 1362], [1374, 1375], [1374, 1379], [1375, 1376], [1375, 1378], [1383, -1383], [1383, 1383], [1383, 1384]], "missing_branches": [[569, 571], [600, 601], [601, -601], [601, -598], [629, 632], [690, 696], [692, 696], [693, 694], [769, 772], [786, 788], [789, 794], [805, 806], [831, 832], [847, 851], [853, 857], [930, 931], [941, 946], [1001, -1001], [1001, -1000], [1193, 1194], [1228, 1229]]}, "src/scenic/core/dynamics/__init__.py": {"executed_lines": [1, 13, 14, 15, 18], "summary": {"covered_lines": 4, "num_statements": 4, "percent_covered": 100.0, "percent_covered_display": "100.00", "missing_lines": 0, "excluded_lines": 0, "num_branches": 0, "num_partial_branches": 0, "covered_branches": 0, "missing_branches": 0}, "missing_lines": [], "excluded_lines": [], "executed_branches": [], "missing_branches": []}, "src/scenic/core/dynamics/actions.py": {"executed_lines": [1, 3, 6, 7, 9, 16, 17, 35, 36, 41, 44, 47, 51, 52, 57, 58, 59, 61, 62, 64], "summary": {"covered_lines": 14, "num_statements": 19, "percent_covered": 73.6842105263158, "percent_covered_display": "73.68", "missing_lines": 5, "excluded_lines": 4, "num_branches": 0, "num_partial_branches": 0, "covered_branches": 0, "missing_branches": 0}, "missing_lines": [14, 42, 45, 48, 65], "excluded_lines": [16, 17, 18, 32], "executed_branches": [], "missing_branches": []}, "src/scenic/core/dynamics/behaviors.py": {"executed_lines": [1, 3, 4, 5, 6, 7, 9, 10, 11, 12, 13, 15, 16, 19, 20, 25, 29, 30, 32, 34, 35, 37, 38, 40, 41, 42, 44, 45, 46, 49, 50, 51, 52, 54, 55, 57, 58, 59, 61, 62, 63, 64, 65, 66, 70, 71, 72, 73, 75, 76, 78, 79, 83, 85, 86, 87, 88, 89, 91, 92, 94, 95, 97, 99, 101, 107, 108, 109, 110, 111, 112, 113, 115, 116, 117, 118, 120, 121, 124, 125, 127, 128, 129, 130, 131, 132, 133, 134, 136, 137, 139, 140, 144, 145, 148, 149, 154, 156, 157], "summary": {"covered_lines": 92, "num_statements": 96, "percent_covered": 94.11764705882354, "percent_covered_display": "94.12", "missing_lines": 4, "excluded_lines": 4, "num_branches": 40, "num_partial_branches": 4, "covered_branches": 36, "missing_branches": 4}, "missing_lines": [68, 80, 100, 122], "excluded_lines": [139, 140, 144, 145], "executed_branches": [[30, 32], [30, 34], [34, -29], [34, 35], [37, 38], [45, -45], [45, 45], [45, 46], [46, -46], [46, 46], [46, 49], [54, -44], [54, 55], [58, 57], [58, 61], [62, 61], [62, 70], [63, 64], [63, 65], [65, 66], [71, -71], [71, 71], [71, 72], [72, -72], [72, 72], [72, 73], [76, 78], [76, 79], [79, 83], [99, 101], [108, -91], [108, 108], [108, 109], [108, 113], [121, 120], [121, 124], [129, 130], [129, 131], [132, -124], [132, 133], [136, 132], [136, 137]], "missing_branches": [[37, 40], [65, 68], [79, 80], [99, 100]]}, "src/scenic/core/dynamics/guards.py": {"executed_lines": [1, 4, 5, 11, 13, 14, 15, 17, 18, 23, 24, 31, 34, 35, 42], "summary": {"covered_lines": 11, "num_statements": 11, "percent_covered": 100.0, "percent_covered_display": "100.00", "missing_lines": 0, "excluded_lines": 0, "num_branches": 0, "num_partial_branches": 0, "covered_branches": 0, "missing_branches": 0}, "missing_lines": [], "excluded_lines": [], "executed_branches": [], "missing_branches": []}, "src/scenic/core/dynamics/invocables.py": {"executed_lines": [1, 3, 4, 6, 7, 8, 10, 11, 14, 15, 21, 22, 24, 25, 28, 29, 30, 31, 32, 34, 35, 36, 37, 39, 40, 42, 43, 44, 46, 49, 50, 51, 52, 53, 55, 56, 57, 58, 62, 63, 64, 65, 66, 67, 68, 70, 71, 72, 73, 74, 75, 76, 78, 79, 81, 82, 83, 84, 85, 86, 87, 88, 90, 92, 93, 94, 95, 96, 99, 100, 102, 103, 105, 106, 107, 109, 110, 112, 113, 114, 115, 116, 119, 120, 126, 127, 129, 130, 131, 132, 133, 135, 137, 139, 146, 147, 148, 150, 151, 152, 153, 154, 155, 156, 157, 158, 160, 166, 167, 168, 169, 171, 172, 173, 174, 175, 176, 177, 178, 179, 181, 183, 184, 187, 188, 189, 190, 191, 192, 193, 195, 196, 197, 200, 201, 202, 203, 204, 206, 207, 208, 210, 211, 212, 215, 216, 218, 219, 220, 222, 223, 224, 225, 226, 227, 228, 229, 230, 231, 232, 233], "summary": {"covered_lines": 159, "num_statements": 163, "percent_covered": 96.6804979253112, "percent_covered_display": "96.68", "missing_lines": 4, "excluded_lines": 1, "num_branches": 78, "num_partial_branches": 4, "covered_branches": 74, "missing_branches": 4}, "missing_lines": [59, 60, 111, 122], "excluded_lines": [144], "executed_branches": [[24, 25], [24, 28], [50, 51], [50, 56], [51, 52], [51, 55], [57, -46], [57, 58], [58, 57], [65, 66], [65, 70], [66, 67], [66, 73], [67, 66], [67, 68], [70, 71], [70, 73], [71, 70], [71, 72], [73, 74], [73, 75], [75, 76], [75, 78], [82, 83], [82, 86], [83, 84], [83, 85], [86, 87], [86, 99], [87, 88], [87, 90], [90, -90], [90, 90], [90, 92], [93, -92], [93, 94], [100, 102], [100, 105], [105, 106], [105, 137], [106, 107], [106, 119], [110, 112], [113, 114], [113, 115], [116, -116], [116, 116], [116, 126], [119, 120], [130, 131], [130, 133], [131, 132], [168, -168], [168, 168], [168, 169], [172, 173], [172, 176], [173, -166], [173, 172], [173, 174], [177, 178], [177, 183], [178, 179], [178, 181], [187, 188], [187, 189], [207, 206], [207, 218], [210, -206], [210, 211], [212, 215], [212, 216], [219, 218], [219, 222], [223, 224], [223, 228], [225, 226], [225, 227]], "missing_branches": [[58, 59], [110, 111], [119, 122], [131, 130]]}, "src/scenic/core/dynamics/scenarios.py": {"executed_lines": [1, 3, 4, 5, 6, 7, 8, 10, 12, 13, 14, 15, 16, 21, 22, 24, 25, 26, 27, 30, 31, 37, 38, 40, 42, 43, 44, 46, 47, 48, 49, 51, 52, 53, 54, 55, 58, 59, 60, 61, 62, 64, 66, 67, 68, 69, 70, 71, 72, 73, 74, 75, 77, 78, 79, 80, 81, 82, 83, 85, 86, 87, 88, 90, 92, 93, 94, 95, 96, 97, 98, 99, 101, 102, 104, 105, 106, 107, 110, 111, 112, 113, 114, 115, 117, 118, 119, 120, 121, 123, 124, 125, 127, 129, 130, 131, 132, 133, 134, 135, 136, 137, 138, 139, 141, 143, 145, 146, 148, 150, 151, 153, 154, 156, 159, 160, 161, 162, 163, 166, 168, 169, 170, 172, 174, 176, 177, 180, 181, 184, 185, 186, 190, 192, 193, 195, 196, 202, 205, 206, 207, 208, 210, 211, 213, 220, 222, 225, 226, 227, 228, 231, 235, 236, 239, 240, 241, 244, 253, 254, 255, 256, 257, 258, 259, 260, 261, 264, 265, 268, 273, 274, 275, 278, 280, 282, 284, 287, 288, 289, 290, 291, 292, 293, 294, 297, 298, 301, 302, 305, 306, 307, 308, 309, 311, 313, 314, 315, 317, 318, 319, 320, 321, 322, 323, 324, 327, 328, 329, 330, 331, 332, 334, 336, 337, 338, 339, 340, 341, 342, 345, 347, 348, 349, 350, 351, 352, 353, 354, 356, 357, 358, 359, 360, 362, 364, 365, 366, 367, 368, 369, 371, 372, 373, 375, 376, 377, 378, 379, 381, 382, 388, 389, 390, 391, 392, 393, 394, 395, 396, 397, 399, 400, 402, 403, 404, 405, 406, 408, 410, 412, 413, 414, 416, 418, 419, 421, 423, 424, 425, 428, 429, 430, 431, 432, 433, 437, 447, 451, 453, 454, 456, 457, 458, 459, 460, 461, 462, 463, 464, 465, 466, 467, 468, 469, 470, 473, 475, 476, 477, 479, 480, 481, 482, 484, 485, 487, 488, 489, 490, 491, 493, 495, 511, 513, 514, 515, 518, 520, 521, 522, 524, 525], "summary": {"covered_lines": 331, "num_statements": 352, "percent_covered": 91.92307692307692, "percent_covered_display": "91.92", "missing_lines": 21, "excluded_lines": 0, "num_branches": 168, "num_partial_branches": 14, "covered_branches": 147, "missing_branches": 21}, "missing_lines": [109, 187, 197, 199, 245, 246, 247, 269, 270, 316, 325, 326, 344, 363, 370, 383, 384, 385, 386, 426, 472], "excluded_lines": [], "executed_branches": [[42, 43], [93, 92], [93, 101], [102, 101], [102, 117], [104, 105], [104, 106], [106, 107], [118, 117], [118, 123], [119, 120], [119, 121], [120, -120], [120, -117], [124, 123], [124, 127], [132, -132], [132, 132], [132, 133], [151, -141], [151, 153], [151, 166], [153, 154], [153, 156], [159, 151], [159, 160], [160, -160], [160, 160], [160, 161], [161, -161], [161, 162], [169, 168], [169, 172], [180, 181], [180, 184], [186, 190], [190, -190], [190, 190], [190, 192], [193, -172], [193, 195], [195, 196], [195, 205], [196, 202], [205, 206], [205, 210], [210, 193], [210, 211], [225, 226], [225, 231], [227, 225], [227, 228], [231, 231], [231, 235], [231, 236], [240, 241], [240, 244], [254, -213], [254, 254], [254, 255], [254, 264], [257, 254], [257, 258], [264, 265], [264, 268], [268, 273], [273, 274], [273, 278], [274, 273], [274, 275], [287, 288], [287, 290], [288, 289], [291, 292], [291, 294], [292, 291], [292, 293], [297, 298], [297, 301], [305, 306], [305, 309], [306, 307], [306, 309], [307, 306], [307, 308], [314, 315], [314, 319], [315, 317], [322, 323], [322, 329], [324, 327], [327, 322], [327, 328], [330, 331], [330, 332], [334, -334], [334, 320], [334, 334], [337, 338], [337, 339], [339, 340], [339, 341], [341, 342], [349, 350], [349, 351], [351, 352], [351, 354], [359, 360], [359, 367], [362, 364], [364, 359], [364, 365], [367, 368], [367, 371], [369, 367], [371, 372], [371, 373], [376, 377], [376, 379], [377, 376], [377, 378], [382, 381], [382, 388], [389, 390], [389, 391], [405, 406], [405, 408], [425, -421], [432, -428], [432, 433], [437, 437], [437, 447], [437, 451], [457, 458], [457, 459], [459, 460], [459, 461], [461, 462], [461, 463], [463, 464], [463, 465], [465, 466], [465, 467], [467, 468], [467, 469], [469, 470], [481, 482], [487, 488], [487, 489], [514, 515], [514, 518], [515, -515], [515, -513], [515, 515], [521, 522], [521, 524]], "missing_branches": [[42, -42], [106, 109], [186, 187], [196, 197], [245, 246], [245, 247], [268, 269], [269, -269], [269, 270], [269, 273], [288, 287], [315, 316], [324, 325], [341, 344], [362, 363], [369, 370], [384, 385], [384, 386], [425, 426], [469, 472], [481, -479]]}, "src/scenic/core/dynamics/utils.py": {"executed_lines": [1, 4, 5, 7, 10, 11, 21], "summary": {"covered_lines": 4, "num_statements": 4, "percent_covered": 100.0, "percent_covered_display": "100.00", "missing_lines": 0, "excluded_lines": 0, "num_branches": 0, "num_partial_branches": 0, "covered_branches": 0, "missing_branches": 0}, "missing_lines": [], "excluded_lines": [], "executed_branches": [], "missing_branches": []}, "src/scenic/core/errors.py": {"executed_lines": [1, 3, 4, 5, 6, 7, 8, 9, 10, 12, 13, 14, 19, 37, 38, 39, 40, 42, 46, 52, 55, 58, 64, 75, 76, 78, 81, 82, 89, 92, 93, 95, 96, 97, 98, 99, 100, 103, 104, 107, 108, 110, 113, 114, 116, 119, 120, 122, 134, 135, 137, 140, 141, 143, 144, 145, 148, 149, 151, 157, 158, 162, 164, 171, 176, 177, 181, 182, 183, 184, 185, 186, 187, 188, 192, 193, 194, 199, 202, 207, 208, 209, 210, 212, 213, 215, 217, 218, 219, 220, 222, 224, 225, 226, 227, 229, 230, 233, 234, 235, 236, 239, 242, 243, 244, 245, 251, 252, 253, 254, 257, 258, 260, 261, 268, 273, 276, 282, 285, 286, 287, 288, 289, 296, 297, 298, 307, 309, 310, 311, 312, 313, 314, 317, 318, 319, 320, 321, 322, 323, 328], "summary": {"covered_lines": 131, "num_statements": 161, "percent_covered": 78.99543378995433, "percent_covered_display": "79.00", "missing_lines": 30, "excluded_lines": 0, "num_branches": 58, "num_partial_branches": 14, "covered_branches": 42, "missing_branches": 16}, "missing_lines": [41, 123, 124, 125, 126, 127, 128, 131, 160, 165, 166, 168, 200, 231, 237, 238, 240, 241, 247, 259, 271, 290, 299, 300, 301, 303, 304, 325, 326, 327], "excluded_lines": [], "executed_branches": [[40, 42], [158, 162], [164, -157], [181, 182], [181, 183], [186, 187], [186, 192], [192, 193], [192, 199], [199, 202], [208, 209], [208, 222], [209, 210], [209, 212], [213, 215], [213, 217], [219, 220], [224, 225], [224, 226], [226, 227], [226, 229], [230, 233], [235, 236], [235, 244], [236, 239], [239, 242], [242, 235], [242, 243], [244, 245], [258, 260], [261, -261], [261, -257], [261, 261], [268, 273], [287, 288], [288, 287], [288, 289], [297, 298], [309, 310], [309, 311], [312, 313], [312, 314], [320, 321]], "missing_branches": [[40, 41], [158, 160], [164, 165], [199, 200], [219, 224], [230, 231], [236, 237], [239, 240], [244, 247], [258, 259], [268, 271], [287, 290], [297, 299], [300, 301], [300, 303], [320, 325]]}, "src/scenic/core/external_params.py": {"executed_lines": [1, 99, 100, 102, 103, 106, 107, 118, 122, 123, 139, 148, 150, 158, 162, 167, 168, 179, 253, 256, 259, 262, 266, 267, 269, 276, 286, 287, 289, 293, 294, 313, 314, 316, 318, 337, 343, 344, 346, 348, 363, 369, 370, 372, 373], "summary": {"covered_lines": 37, "num_statements": 133, "percent_covered": 23.783783783783782, "percent_covered_display": "23.78", "missing_lines": 96, "excluded_lines": 2, "num_branches": 52, "num_partial_branches": 1, "covered_branches": 7, "missing_branches": 45}, "missing_lines": [120, 140, 141, 142, 146, 156, 180, 181, 182, 185, 186, 187, 188, 189, 192, 193, 194, 195, 196, 204, 205, 206, 207, 208, 209, 210, 214, 215, 216, 217, 218, 219, 220, 221, 223, 224, 225, 226, 227, 228, 229, 234, 236, 237, 238, 239, 240, 243, 244, 245, 249, 250, 251, 254, 257, 260, 263, 270, 271, 272, 274, 282, 283, 290, 291, 302, 303, 307, 308, 319, 321, 322, 323, 324, 325, 329, 330, 332, 333, 334, 335, 338, 339, 340, 349, 351, 352, 353, 354, 358, 359, 361, 364, 365, 366, 374], "excluded_lines": [160, 164], "executed_branches": [[123, 122], [123, 150], [139, 148], [294, -286], [294, 293], [373, -369], [373, 372]], "missing_branches": [[139, 140], [141, 142], [141, 146], [187, 188], [187, 196], [188, 189], [188, 192], [194, 187], [194, 195], [196, -196], [196, 204], [206, 207], [206, 240], [207, 208], [207, 209], [209, 210], [209, 214], [217, 218], [217, 237], [218, 219], [218, 227], [219, 220], [219, 223], [227, 228], [227, 236], [243, 244], [243, 245], [249, 250], [249, 251], [302, 303], [302, 307], [322, 323], [322, 329], [324, 325], [324, 334], [329, 330], [329, 332], [335, -335], [335, -318], [352, 353], [352, 361], [353, 354], [353, 358], [359, -359], [359, -348]]}, "src/scenic/core/geometry.py": {"executed_lines": [1, 3, 4, 5, 7, 8, 9, 11, 16, 17, 20, 21, 22, 25, 26, 27, 30, 31, 32, 35, 36, 37, 40, 41, 42, 45, 46, 47, 48, 49, 50, 51, 52, 55, 56, 57, 58, 59, 62, 63, 64, 65, 68, 69, 70, 71, 72, 73, 74, 75, 76, 79, 80, 81, 82, 85, 86, 87, 88, 89, 92, 93, 94, 95, 96, 99, 100, 101, 104, 105, 106, 107, 108, 109, 113, 116, 117, 118, 119, 120, 121, 122, 125, 126, 127, 128, 129, 130, 131, 134, 135, 136, 137, 138, 139, 140, 141, 142, 143, 144, 145, 146, 147, 148, 149, 150, 151, 152, 154, 155, 156, 158, 159, 160, 161, 162, 163, 164, 165, 166, 167, 169, 175, 184, 185, 186, 189, 190, 191, 192, 193, 198, 203, 206, 207, 208, 209, 210, 211, 213, 214, 215, 216, 217, 218, 219, 220, 221, 222, 223, 224, 225, 226, 227, 228, 229, 230, 231, 233, 234, 235, 236, 237, 238, 240, 241, 242, 243, 244, 245, 246, 247, 248, 249, 251, 252, 253, 256, 257, 258, 259, 260, 261, 262, 263, 265, 268, 269, 271, 274, 289, 290, 298, 299, 301, 302, 303, 304, 305, 306, 307, 308, 309, 310, 311, 313, 314, 315, 316, 317, 320, 321, 323, 332, 334, 335, 336, 337, 338, 339, 340, 348, 353, 354, 355, 356], "summary": {"covered_lines": 224, "num_statements": 233, "percent_covered": 94.4927536231884, "percent_covered_display": "94.49", "missing_lines": 9, "excluded_lines": 0, "num_branches": 112, "num_partial_branches": 8, "covered_branches": 102, "missing_branches": 10}, "missing_lines": [157, 195, 196, 197, 291, 292, 293, 322, 350], "excluded_lines": [], "executed_branches": [[21, 20], [21, 25], [26, 25], [26, 30], [31, 30], [31, 35], [36, 35], [36, 40], [41, 40], [41, 45], [46, 45], [46, 55], [47, 48], [47, 49], [49, 50], [49, 51], [71, 72], [71, 76], [72, 73], [72, 74], [74, 71], [74, 75], [117, 118], [117, 119], [120, 121], [120, 122], [122, -122], [122, 122], [122, 125], [125, -125], [125, 125], [125, 126], [128, 129], [128, 131], [135, 136], [135, 137], [137, 138], [137, 139], [139, 140], [139, 150], [140, -140], [140, 140], [140, 141], [141, -141], [141, 141], [141, 142], [143, 144], [143, 147], [145, 143], [145, 146], [152, 154], [152, 158], [155, 156], [159, 160], [159, 166], [162, 163], [164, 165], [167, 169], [167, 185], [175, -175], [175, 175], [175, 184], [192, -192], [192, 192], [192, 193], [193, 198], [198, -198], [198, 198], [198, 203], [209, 210], [209, 211], [215, 216], [215, 220], [217, 215], [217, 218], [220, 221], [220, 226], [223, 224], [226, 227], [226, 233], [227, 228], [227, 231], [228, 229], [234, 235], [234, 240], [244, 245], [244, 252], [246, 247], [246, 251], [257, 258], [257, 259], [259, 260], [259, 265], [260, -260], [260, 260], [260, 261], [305, 306], [305, 309], [321, 323], [323, 323], [323, 332], [323, 334], [335, -320], [335, 336], [336, 337], [336, 340], [338, 335], [338, 339], [340, 340], [340, 348], [354, -353], [354, 355]], "missing_branches": [[155, 157], [162, 159], [164, 159], [193, 195], [196, 197], [196, 198], [223, 225], [228, 230], [321, 322], [340, 350]]}, "src/scenic/core/lazy_eval.py": {"executed_lines": [1, 16, 17, 18, 20, 23, 24, 40, 41, 42, 43, 44, 45, 47, 53, 54, 55, 56, 57, 59, 60, 61, 63, 70, 71, 73, 74, 75, 77, 78, 79, 80, 81, 84, 85, 106, 107, 108, 109, 111, 113, 114, 115, 116, 117, 118, 119, 120, 122, 124, 125, 126, 127, 128, 130, 131, 133, 134, 135, 136, 142, 143, 146, 148, 149, 150, 151, 153, 157, 189, 190, 191, 195, 196, 197, 199, 201, 204, 205, 208, 210, 211, 215, 216, 217, 218, 220, 223, 225, 226, 227, 230, 232, 233, 234, 235, 236, 237, 240, 241, 242, 243, 244, 245, 246, 247, 250, 252, 253, 255, 258, 260, 263, 265, 268, 270, 273, 275], "summary": {"covered_lines": 115, "num_statements": 117, "percent_covered": 98.25581395348837, "percent_covered_display": "98.26", "missing_lines": 2, "excluded_lines": 0, "num_branches": 55, "num_partial_branches": 1, "covered_branches": 54, "missing_branches": 1}, "missing_lines": [68, 238], "excluded_lines": [], "executed_branches": [[54, 55], [54, 56], [56, -56], [56, 56], [56, 57], [71, 70], [71, 77], [78, -23], [78, 77], [108, 109], [108, 111], [113, 114], [113, 122], [134, 135], [134, 136], [136, -136], [136, -133], [136, 136], [143, -143], [143, 143], [143, 146], [149, -149], [149, 149], [149, 150], [150, -150], [150, 150], [150, 151], [191, -191], [191, 191], [191, 195], [196, -196], [196, 196], [196, 197], [204, 205], [204, 208], [211, -211], [211, 211], [211, 215], [216, -216], [216, 216], [216, 217], [217, -217], [217, 217], [217, 218], [225, 226], [225, 227], [232, 233], [232, 234], [234, 235], [234, 243], [235, -235], [235, 235], [235, 236], [236, -236], [236, 236], [236, 237], [236, 247], [237, 240], [241, -241], [241, 242], [243, 244], [243, 247], [245, 246], [245, 247], [252, 253], [252, 255]], "missing_branches": [[237, 238]]}, "src/scenic/core/object_types.py": {"executed_lines": [1, 17, 18, 19, 20, 21, 22, 24, 25, 26, 27, 29, 40, 41, 49, 55, 69, 70, 71, 72, 80, 81, 87, 91, 93, 98, 99, 113, 115, 116, 118, 121, 125, 126, 127, 128, 129, 130, 131, 132, 133, 134, 135, 136, 139, 141, 142, 143, 144, 147, 148, 149, 150, 151, 152, 153, 154, 156, 157, 158, 159, 160, 161, 162, 163, 166, 167, 168, 169, 170, 173, 179, 180, 181, 182, 183, 190, 191, 192, 193, 194, 195, 198, 200, 201, 204, 206, 207, 209, 210, 211, 212, 213, 214, 215, 216, 218, 219, 225, 226, 227, 228, 230, 231, 233, 235, 236, 239, 240, 241, 242, 245, 246, 252, 255, 256, 258, 260, 261, 263, 265, 266, 267, 271, 275, 279, 283, 284, 286, 289, 291, 292, 293, 297, 300, 309, 310, 313, 315, 316, 320, 324, 328, 329, 330, 333, 334, 343, 344, 346, 349, 353, 356, 361, 364, 365, 368, 369, 370, 371, 372, 373, 377, 378, 381, 382, 386, 387, 388, 392, 397, 398, 399, 401, 402, 403, 404, 405, 406, 409, 410, 411, 412, 414, 415, 420, 424, 425, 426, 428, 429, 431, 432, 433, 434, 435, 437, 438, 439, 440, 441, 442, 443, 444, 446, 449, 451, 454, 455, 456, 457, 459, 460, 462, 469, 470, 482, 484, 485, 487, 488, 490, 492, 494, 495, 500, 502, 503, 505, 507, 508, 510, 511, 512, 513, 514, 515, 516, 517, 520, 524, 527, 528, 531, 532, 534, 536, 537, 538, 540, 541, 542, 543, 544, 546, 547, 549, 552, 557, 558, 559, 561, 562, 563, 565, 566, 567, 568, 569, 570, 571, 572, 573, 574, 576, 577, 578, 579, 581, 582, 583, 585, 586, 587, 589, 591, 592, 593, 596, 602, 603, 612, 626, 627, 633, 634, 636, 637, 642, 643, 645, 646, 648, 650, 654, 655, 661, 662, 664, 665, 666, 667, 669, 671, 673, 674, 676, 678, 685, 686, 724, 755, 756, 762, 763, 765, 766, 774, 787, 788, 791, 792, 794, 795, 796, 797, 798, 800, 801, 803, 806, 807, 808, 810, 818, 819, 854, 896, 897, 899, 908, 909, 919, 926, 927, 935, 948, 949, 950, 952, 953, 955, 957, 958, 960, 961, 963, 964, 970, 971, 1026, 1053, 1054, 1058, 1059, 1061, 1062, 1063, 1064, 1065, 1066, 1068, 1070, 1071, 1073, 1074, 1076, 1079, 1081, 1082, 1084, 1086, 1087, 1088, 1090, 1091, 1092, 1094, 1095, 1096, 1098, 1109, 1111, 1112, 1116, 1117, 1119, 1121, 1122, 1125, 1132, 1133, 1134, 1136, 1137, 1138, 1142, 1146, 1150, 1151, 1153, 1155, 1160, 1162, 1163, 1164, 1166, 1167, 1168, 1170, 1171, 1172, 1174, 1175, 1176, 1178, 1179, 1180, 1182, 1183, 1184, 1186, 1187, 1188, 1190, 1191, 1192, 1194, 1195, 1196, 1198, 1199, 1200, 1202, 1203, 1204, 1206, 1207, 1208, 1210, 1211, 1212, 1214, 1215, 1216, 1218, 1219, 1220, 1222, 1223, 1224, 1226, 1227, 1228, 1230, 1231, 1232, 1234, 1235, 1242, 1243, 1250, 1251, 1259, 1260, 1273, 1274, 1276, 1277, 1288, 1289, 1290, 1292, 1299, 1300, 1302, 1309, 1310, 1314, 1315, 1316, 1324, 1326, 1327, 1329, 1331, 1332, 1337, 1339, 1340, 1341, 1343, 1354, 1355, 1358, 1359, 1360, 1363, 1369, 1373, 1378, 1380, 1383, 1384, 1385, 1390, 1392, 1393, 1403, 1405, 1406, 1408, 1412, 1413, 1416, 1417, 1418, 1421, 1427, 1433, 1440, 1442, 1445, 1446, 1447, 1452, 1454, 1455, 1457, 1459, 1460, 1468, 1470, 1471, 1476, 1483, 1484, 1496, 1497, 1509, 1510, 1515, 1522, 1523, 1528, 1535, 1536, 1548, 1580, 1581, 1583, 1584, 1586, 1588, 1589, 1590, 1592, 1593, 1594, 1595, 1596, 1597, 1598, 1599, 1601, 1604, 1605, 1606, 1608, 1609, 1610, 1611, 1612, 1613, 1615, 1616, 1618, 1624, 1625, 1627, 1628, 1629, 1630, 1631, 1632, 1640, 1642, 1645, 1648, 1649, 1677, 1680, 1684, 1685, 1686, 1688, 1690, 1691, 1694, 1695, 1700, 1701, 1704, 1708, 1709, 1715, 1716, 1718, 1719, 1721, 1722, 1728, 1730, 1731, 1732, 1738, 1740, 1741, 1747, 1748, 1750, 1751, 1753, 1754, 1756, 1761, 1763, 1765, 1772, 1773, 1774, 1776, 1778, 1779, 1781, 1782, 1784, 1785, 1787, 1789, 1790, 1792, 1793, 1800, 1805, 1806, 1808, 1817, 1819, 1820, 1822, 1823, 1824, 1826, 1828, 1829, 1833, 1835, 1836, 1844, 1845], "summary": {"covered_lines": 666, "num_statements": 716, "percent_covered": 92.41622574955909, "percent_covered_display": "92.42", "missing_lines": 50, "excluded_lines": 7, "num_branches": 418, "num_partial_branches": 24, "covered_branches": 382, "missing_branches": 36}, "missing_lines": [203, 247, 325, 351, 352, 357, 496, 647, 651, 675, 679, 789, 799, 802, 900, 903, 1114, 1126, 1156, 1312, 1352, 1366, 1410, 1424, 1489, 1502, 1541, 1549, 1550, 1553, 1555, 1556, 1557, 1558, 1560, 1562, 1563, 1565, 1568, 1570, 1574, 1578, 1582, 1697, 1705, 1733, 1734, 1736, 1744, 1766], "excluded_lines": [591, 592, 593, 594, 595, 596, 623], "executed_branches": [[118, 121], [118, 125], [126, 127], [126, 131], [127, 128], [127, 129], [129, 126], [129, 130], [131, 132], [131, 136], [132, 131], [132, 133], [133, 131], [133, 134], [134, 133], [134, 135], [141, 142], [141, 147], [142, 141], [142, 143], [143, 141], [143, 144], [151, 152], [151, 162], [156, -156], [156, 156], [156, 157], [156, 158], [158, 151], [158, 159], [160, 151], [160, 161], [168, 169], [168, 182], [170, 173], [170, 181], [173, 179], [173, 180], [183, -183], [183, 183], [183, 190], [190, 191], [190, 198], [192, 193], [192, 195], [193, 192], [193, 194], [201, 204], [210, 211], [210, 213], [219, 218], [219, 230], [226, 227], [226, 228], [231, 230], [231, 235], [236, 235], [236, 260], [241, 242], [241, 245], [245, 246], [245, 252], [246, 245], [255, 256], [255, 258], [261, 260], [261, 265], [266, 265], [266, 451], [283, 284], [283, 286], [289, -289], [289, 289], [289, 291], [291, 292], [291, 297], [292, 291], [292, 293], [297, -297], [297, 297], [297, 300], [300, -300], [300, 300], [300, 309], [309, 310], [309, 343], [313, 309], [313, 315], [315, 316], [315, 320], [320, 324], [320, 333], [324, 328], [328, 313], [328, 329], [343, 344], [343, 368], [344, 343], [344, 346], [346, 349], [346, 364], [349, 353], [353, 356], [356, 361], [369, 370], [369, 377], [370, 369], [370, 371], [377, -377], [377, 377], [377, 378], [378, 381], [378, 392], [386, 378], [386, 387], [392, -392], [392, 392], [392, 397], [398, 399], [398, 401], [402, 403], [402, 404], [404, 405], [404, 406], [409, 410], [409, 424], [411, 412], [411, 414], [414, 415], [414, 420], [424, 425], [424, 428], [431, 432], [431, 433], [434, 435], [434, 437], [438, 439], [438, 444], [440, 438], [440, 441], [446, -446], [446, 446], [446, 449], [454, -451], [454, 455], [460, 459], [460, 502], [462, 469], [462, 470], [470, 482], [470, 484], [484, 485], [484, 487], [487, 488], [487, 490], [490, 492], [490, 494], [494, 495], [494, 500], [495, -495], [495, 495], [495, 500], [511, 512], [511, 520], [512, 511], [512, 513], [513, 514], [513, 515], [515, 516], [515, 517], [520, -520], [520, 520], [520, 524], [527, 528], [527, 531], [531, 532], [537, -536], [537, 538], [541, 542], [541, 543], [543, -543], [543, 543], [543, 544], [547, -547], [547, -546], [547, 547], [552, -552], [552, 552], [552, 557], [562, -561], [562, 563], [568, -565], [568, 569], [569, 570], [569, 571], [571, 572], [571, 573], [573, 574], [573, 576], [577, 578], [577, 581], [586, 587], [586, 589], [646, 648], [674, 676], [724, -724], [724, 724], [724, 755], [756, 755], [756, 765], [766, 765], [766, 787], [788, 787], [788, 791], [796, 797], [796, 803], [797, 798], [797, 803], [798, 800], [801, 797], [807, 808], [807, 810], [854, -854], [854, 854], [854, 896], [899, -896], [909, 908], [909, 926], [927, 926], [927, 948], [1026, -1026], [1026, 1026], [1026, 1053], [1071, 1070], [1071, 1081], [1073, 1074], [1073, 1079], [1112, 1111], [1112, 1116], [1117, 1116], [1117, 1121], [1122, 1121], [1122, 1162], [1125, 1132], [1132, 1133], [1132, 1142], [1133, 1134], [1133, 1136], [1142, 1142], [1142, 1146], [1142, 1150], [1150, 1151], [1150, 1153], [1155, 1160], [1163, 1162], [1163, 1166], [1167, 1166], [1167, 1170], [1171, 1170], [1171, 1174], [1175, 1174], [1175, 1178], [1179, 1178], [1179, 1182], [1183, 1182], [1183, 1186], [1187, 1186], [1187, 1190], [1191, 1190], [1191, 1194], [1195, 1194], [1195, 1198], [1199, 1198], [1199, 1202], [1203, 1202], [1203, 1206], [1207, 1206], [1207, 1210], [1211, 1210], [1211, 1214], [1215, 1214], [1215, 1218], [1219, 1218], [1219, 1222], [1223, 1222], [1223, 1226], [1227, 1226], [1227, 1230], [1231, 1230], [1231, 1234], [1235, 1234], [1235, 1250], [1251, 1250], [1251, 1273], [1274, 1273], [1274, 1288], [1289, 1288], [1289, 1299], [1300, 1299], [1300, 1309], [1310, 1309], [1310, 1314], [1315, 1314], [1315, 1326], [1324, -1324], [1324, -1314], [1324, 1324], [1327, 1326], [1327, 1331], [1332, 1331], [1332, 1392], [1343, 1343], [1343, 1354], [1358, 1359], [1358, 1360], [1360, -1360], [1360, 1360], [1360, 1363], [1369, -1369], [1369, 1369], [1369, 1373], [1373, -1373], [1373, 1373], [1373, 1378], [1384, 1383], [1384, 1390], [1393, 1392], [1393, 1454], [1408, 1412], [1416, 1417], [1416, 1418], [1418, -1418], [1418, 1418], [1418, 1421], [1427, -1427], [1427, 1427], [1427, 1433], [1433, -1433], [1433, 1433], [1433, 1440], [1446, 1445], [1446, 1452], [1455, 1454], [1455, 1459], [1460, 1459], [1460, 1470], [1471, 1470], [1471, 1483], [1484, 1483], [1484, 1496], [1497, 1496], [1497, 1509], [1510, 1509], [1510, 1522], [1523, 1522], [1523, 1535], [1536, 1535], [1536, 1548], [1581, 1583], [1586, 1588], [1586, 1601], [1595, 1596], [1595, 1601], [1601, -1601], [1601, 1601], [1601, 1604], [1610, -1610], [1610, 1610], [1610, 1611], [1616, 1615], [1616, 1624], [1625, -970], [1625, 1624], [1627, 1628], [1627, 1642], [1649, 1648], [1649, 1649], [1649, 1700], [1685, 1686], [1685, 1688], [1694, 1695], [1722, 1721], [1722, 1730], [1731, 1732], [1740, 1741], [1754, 1756], [1754, 1761], [1765, 1772], [1772, 1773], [1772, 1776], [1779, 1778], [1779, 1792], [1782, 1784], [1782, 1790], [1784, 1785], [1784, 1789], [1793, -1747], [1793, 1792], [1808, -1808], [1808, 1808], [1808, 1817], [1820, 1819], [1820, 1835], [1822, 1823], [1822, 1828], [1824, 1826], [1824, 1828], [1828, 1829], [1828, 1833], [1836, -1805], [1836, 1835]], "missing_branches": [[201, 203], [246, 247], [324, 325], [349, 351], [353, 344], [356, 357], [495, 496], [531, 534], [646, 647], [674, 675], [798, 799], [801, 802], [899, 900], [1125, 1126], [1155, 1156], [1343, 1352], [1360, 1366], [1408, 1410], [1418, 1424], [1549, 1550], [1549, 1553], [1555, 1556], [1555, 1557], [1557, 1558], [1557, 1560], [1562, -1548], [1562, 1563], [1574, -1574], [1574, 1578], [1581, 1582], [1694, 1697], [1731, 1733], [1733, 1734], [1733, 1736], [1740, 1744], [1765, 1766]]}, "src/scenic/core/propositions.py": {"executed_lines": [1, 3, 4, 5, 7, 9, 10, 13, 14, 15, 16, 18, 19, 20, 21, 22, 23, 24, 27, 28, 29, 32, 33, 35, 36, 38, 39, 41, 53, 56, 57, 60, 62, 64, 65, 71, 73, 79, 83, 84, 86, 87, 89, 94, 95, 96, 97, 98, 101, 102, 103, 104, 105, 106, 108, 113, 114, 117, 118, 120, 121, 122, 125, 126, 127, 128, 129, 130, 132, 136, 137, 138, 139, 140, 141, 143, 147, 148, 149, 150, 151, 152, 154, 158, 159, 164, 167, 171, 172, 177, 180, 181, 184, 188, 189, 194, 197, 198, 201, 205, 206, 207, 208, 209, 210, 211, 213, 216, 217, 218, 221, 222, 223, 224, 225, 226, 228, 231, 232, 233], "summary": {"covered_lines": 117, "num_statements": 141, "percent_covered": 80.11049723756906, "percent_covered_display": "80.11", "missing_lines": 24, "excluded_lines": 0, "num_branches": 40, "num_partial_branches": 0, "covered_branches": 28, "missing_branches": 12}, "missing_lines": [90, 109, 133, 144, 155, 160, 161, 162, 165, 168, 173, 174, 175, 178, 182, 185, 190, 191, 192, 195, 199, 202, 214, 229], "excluded_lines": [], "executed_branches": [[21, 22], [21, 28], [23, 24], [23, 27], [56, 57], [56, 60], [60, -60], [60, 60], [60, 62], [65, 64], [65, 73], [79, -79], [79, -73], [79, 79], [84, -84], [84, -83], [95, -32], [95, 94], [97, -97], [97, 97], [97, 98], [121, -117], [121, 120], [181, 180], [181, 184], [198, 197], [198, 201], [217, -205], [217, 216], [232, -221], [232, 231]], "missing_branches": [[173, -173], [173, 174], [178, -178], [178, -177], [185, -185], [185, -184], [190, -190], [190, 191], [195, -195], [195, -194], [202, -202], [202, -201]]}, "src/scenic/core/pruning.py": {"executed_lines": [1, 7, 8, 9, 10, 12, 13, 14, 15, 17, 28, 29, 30, 31, 32, 39, 40, 47, 48, 51, 55, 57, 58, 61, 63, 64, 65, 68, 70, 71, 72, 75, 82, 83, 84, 85, 86, 89, 93, 94, 95, 96, 97, 98, 100, 102, 105, 112, 113, 114, 116, 120, 122, 125, 126, 131, 133, 145, 151, 163, 164, 165, 167, 168, 169, 171, 172, 173, 177, 185, 187, 189, 190, 192, 195, 197, 200, 204, 206, 208, 209, 211, 213, 217, 224, 227, 230, 235, 237, 238, 244, 245, 252, 256, 257, 263, 264, 268, 269, 271, 272, 276, 280, 283, 285, 286, 287, 291, 293, 295, 296, 301, 303, 304, 306, 310, 330, 331, 332, 333, 334, 337, 338, 339, 342, 345, 348, 349, 352, 353, 354, 355, 356, 357, 360, 371, 374, 375, 378, 379, 380, 383, 385, 386, 389, 390, 394, 395, 397, 399, 400, 402, 403, 405, 410, 414, 415, 422, 423, 425, 428, 431, 436, 437, 440, 442, 446, 451, 452, 455, 460, 465, 467, 468, 469, 473, 475, 481, 483, 486, 489, 494, 495, 497, 498, 499, 500, 501, 502, 503, 504, 507, 508, 509, 510, 511, 513, 516, 520, 521, 524, 525, 526, 528, 530, 531, 533, 534, 537, 541, 547, 548, 549, 551, 552, 555, 556, 557, 558, 561, 562, 565, 569, 572, 573, 574, 575, 577, 578, 579, 580, 582, 583, 586, 587, 592, 593, 594, 596, 599, 605, 607, 609, 611, 615, 618, 620, 621, 622, 624, 625, 628, 630, 632, 635, 636], "summary": {"covered_lines": 255, "num_statements": 287, "percent_covered": 85.4389721627409, "percent_covered_display": "85.44", "missing_lines": 32, "excluded_lines": 0, "num_branches": 180, "num_partial_branches": 30, "covered_branches": 144, "missing_branches": 36}, "missing_lines": [137, 138, 139, 140, 141, 142, 143, 193, 198, 201, 277, 281, 343, 346, 350, 359, 373, 376, 377, 461, 477, 478, 484, 522, 527, 532, 546, 571, 576, 581, 610, 612], "excluded_lines": [], "executed_branches": [[63, 64], [63, 65], [70, 71], [70, 72], [82, 83], [82, 89], [84, 85], [84, 86], [89, 93], [89, 102], [93, 94], [93, 102], [95, 96], [95, 97], [112, 113], [112, 116], [116, 116], [116, 120], [116, 122], [122, 122], [122, 125], [122, 133], [126, 126], [126, 131], [126, 133], [133, 145], [163, 164], [163, 167], [171, -151], [171, 172], [185, -177], [185, 187], [189, 190], [189, 192], [192, 195], [197, 200], [200, 204], [204, 206], [204, 213], [206, 208], [206, 211], [217, 217], [217, 224], [217, 227], [230, 230], [230, 235], [230, 268], [235, 237], [235, 238], [238, 244], [238, 268], [256, 257], [256, 268], [263, 264], [268, 269], [268, 271], [276, 280], [280, 283], [285, 286], [285, 291], [286, 287], [291, 293], [291, 295], [295, 296], [295, 301], [303, 304], [303, 306], [331, 332], [331, 337], [333, 331], [333, 334], [337, -310], [337, 338], [342, 345], [345, 348], [349, 352], [353, 354], [353, 385], [354, 353], [354, 355], [357, 360], [371, 374], [378, 379], [385, 337], [385, 386], [397, -394], [397, 399], [402, 403], [402, 405], [428, 431], [428, 442], [431, 431], [431, 436], [431, 442], [436, 437], [442, 446], [442, 460], [446, 446], [446, 451], [446, 460], [451, 452], [460, 465], [467, 468], [467, 473], [468, 469], [468, 481], [473, 475], [483, 486], [497, 498], [497, 499], [499, 500], [499, 501], [501, 502], [501, 503], [503, 504], [503, 507], [508, 509], [508, 513], [509, 508], [509, 510], [510, 511], [521, 524], [526, 528], [531, 533], [541, 541], [541, 547], [548, -548], [548, 548], [548, 549], [549, 551], [549, 562], [551, 549], [551, 552], [555, 551], [555, 556], [557, 551], [557, 558], [569, 572], [575, 577], [580, 582], [582, -582], [582, 582], [582, 583], [587, 587], [587, 592], [587, 596], [605, -605], [605, 607], [609, 611], [611, 615], [620, 621], [620, 628], [621, 622], [621, 624], [624, 625]], "missing_branches": [[133, 137], [138, 139], [138, 145], [142, 143], [142, 145], [192, 193], [197, 198], [200, 201], [263, 268], [276, 277], [280, 281], [286, 301], [342, 343], [345, 346], [349, 350], [357, 359], [371, 373], [378, 383], [436, 440], [451, 455], [460, 461], [473, 477], [477, 478], [477, 481], [483, 484], [510, 508], [521, 522], [526, 527], [531, 532], [541, 546], [569, 571], [575, 576], [580, 581], [609, 610], [611, 612], [624, 620]]}, "src/scenic/core/regions.py": {"executed_lines": [1, 10, 11, 12, 13, 14, 16, 17, 18, 19, 20, 21, 22, 23, 29, 31, 35, 44, 57, 58, 59, 60, 73, 74, 76, 77, 78, 79, 82, 83, 87, 88, 92, 93, 97, 98, 102, 103, 107, 108, 112, 113, 114, 122, 123, 124, 126, 127, 130, 135, 138, 140, 141, 144, 145, 147, 149, 151, 157, 158, 159, 161, 163, 168, 169, 171, 173, 178, 179, 180, 181, 182, 184, 188, 189, 191, 192, 194, 198, 200, 203, 206, 209, 211, 212, 214, 216, 218, 220, 221, 222, 223, 225, 227, 228, 230, 232, 233, 234, 235, 236, 238, 239, 240, 241, 242, 245, 246, 248, 249, 250, 252, 253, 255, 256, 262, 263, 265, 266, 267, 268, 269, 270, 272, 281, 282, 284, 285, 287, 288, 290, 291, 293, 296, 297, 299, 300, 302, 305, 306, 308, 311, 312, 313, 315, 316, 319, 320, 323, 324, 326, 327, 330, 331, 333, 334, 336, 337, 339, 340, 342, 343, 345, 346, 348, 349, 351, 352, 354, 357, 358, 360, 363, 364, 367, 368, 371, 372, 375, 378, 379, 381, 382, 388, 393, 396, 397, 398, 399, 401, 402, 404, 405, 408, 409, 410, 411, 412, 413, 416, 417, 418, 419, 426, 433, 436, 439, 442, 445, 450, 451, 454, 455, 458, 459, 460, 461, 462, 464, 465, 466, 469, 471, 473, 474, 475, 480, 489, 490, 491, 493, 495, 499, 500, 501, 502, 504, 505, 507, 530, 537, 540, 543, 546, 549, 554, 555, 558, 559, 562, 568, 569, 601, 605, 606, 607, 608, 609, 611, 622, 634, 635, 639, 644, 647, 650, 655, 656, 659, 660, 661, 663, 664, 665, 666, 667, 669, 670, 671, 672, 673, 674, 677, 679, 683, 684, 685, 686, 687, 688, 689, 690, 691, 693, 695, 698, 700, 701, 702, 703, 704, 705, 706, 707, 708, 709, 710, 711, 716, 717, 718, 719, 720, 721, 722, 723, 726, 727, 735, 736, 742, 743, 744, 747, 748, 775, 789, 790, 791, 792, 793, 794, 795, 796, 799, 810, 811, 814, 815, 816, 817, 824, 825, 828, 829, 831, 832, 834, 837, 838, 841, 844, 845, 846, 848, 850, 851, 868, 870, 871, 873, 876, 877, 878, 884, 900, 931, 932, 933, 934, 936, 937, 944, 945, 948, 950, 951, 953, 954, 955, 956, 960, 962, 968, 969, 971, 972, 974, 976, 977, 978, 986, 987, 988, 990, 991, 998, 999, 1000, 1003, 1004, 1007, 1008, 1021, 1023, 1024, 1025, 1027, 1029, 1030, 1032, 1033, 1036, 1037, 1065, 1066, 1068, 1069, 1072, 1073, 1074, 1075, 1078, 1086, 1088, 1089, 1091, 1094, 1097, 1098, 1106, 1111, 1116, 1118, 1119, 1130, 1131, 1140, 1141, 1150, 1152, 1157, 1164, 1167, 1172, 1174, 1175, 1177, 1184, 1186, 1187, 1189, 1191, 1192, 1194, 1197, 1218, 1223, 1228, 1230, 1239, 1241, 1242, 1249, 1251, 1252, 1257, 1259, 1262, 1263, 1264, 1267, 1269, 1271, 1273, 1274, 1276, 1278, 1279, 1284, 1289, 1291, 1292, 1297, 1298, 1299, 1301, 1302, 1304, 1306, 1389, 1403, 1404, 1415, 1416, 1418, 1420, 1423, 1425, 1426, 1427, 1428, 1437, 1443, 1444, 1445, 1448, 1450, 1452, 1455, 1456, 1460, 1461, 1463, 1464, 1466, 1467, 1469, 1471, 1476, 1481, 1483, 1484, 1486, 1487, 1489, 1493, 1496, 1502, 1504, 1507, 1509, 1510, 1512, 1513, 1515, 1516, 1517, 1519, 1523, 1524, 1526, 1528, 1532, 1535, 1536, 1538, 1541, 1542, 1543, 1544, 1546, 1549, 1551, 1552, 1554, 1555, 1556, 1557, 1559, 1560, 1562, 1564, 1568, 1572, 1573, 1576, 1578, 1580, 1584, 1588, 1590, 1591, 1592, 1593, 1595, 1597, 1598, 1600, 1604, 1605, 1610, 1612, 1619, 1624, 1625, 1628, 1630, 1632, 1633, 1643, 1645, 1653, 1658, 1659, 1662, 1664, 1665, 1666, 1667, 1676, 1682, 1683, 1684, 1687, 1689, 1692, 1694, 1697, 1699, 1700, 1702, 1704, 1705, 1707, 1709, 1711, 1714, 1715, 1717, 1719, 1720, 1721, 1722, 1724, 1725, 1727, 1728, 1730, 1732, 1733, 1734, 1736, 1737, 1738, 1741, 1743, 1745, 1746, 1748, 1756, 1761, 1762, 1789, 1790, 1791, 1794, 1798, 1801, 1802, 1803, 1804, 1807, 1808, 1815, 1819, 1821, 1827, 1834, 1836, 1838, 1841, 1842, 1843, 1846, 1848, 1850, 1852, 1853, 1856, 1859, 1861, 1865, 1878, 1879, 1881, 1882, 1884, 1886, 1888, 1890, 1892, 1893, 1894, 1896, 1897, 1898, 1900, 1901, 1912, 1913, 1914, 1915, 1918, 1921, 1922, 1927, 1932, 1934, 1937, 1938, 1948, 1953, 1954, 1962, 1963, 1964, 1966, 1967, 1968, 1970, 1980, 1996, 1997, 2005, 2006, 2007, 2009, 2010, 2011, 2013, 2014, 2023, 2039, 2040, 2051, 2053, 2056, 2060, 2061, 2062, 2064, 2065, 2066, 2068, 2069, 2072, 2073, 2076, 2077, 2079, 2081, 2084, 2087, 2090, 2093, 2096, 2097, 2100, 2101, 2103, 2105, 2116, 2119, 2120, 2122, 2124, 2126, 2127, 2130, 2139, 2140, 2143, 2146, 2148, 2149, 2150, 2156, 2157, 2158, 2160, 2161, 2162, 2165, 2166, 2175, 2176, 2177, 2178, 2179, 2184, 2186, 2187, 2189, 2196, 2206, 2209, 2211, 2212, 2213, 2214, 2216, 2218, 2224, 2227, 2229, 2231, 2237, 2247, 2249, 2254, 2262, 2263, 2265, 2272, 2274, 2285, 2286, 2291, 2296, 2297, 2300, 2301, 2304, 2305, 2308, 2314, 2316, 2318, 2323, 2327, 2328, 2330, 2332, 2334, 2343, 2345, 2347, 2348, 2353, 2356, 2359, 2360, 2361, 2366, 2371, 2372, 2377, 2379, 2384, 2386, 2387, 2389, 2391, 2392, 2395, 2396, 2397, 2400, 2401, 2413, 2416, 2417, 2418, 2422, 2425, 2428, 2429, 2430, 2431, 2436, 2437, 2438, 2440, 2441, 2443, 2445, 2447, 2448, 2449, 2452, 2453, 2454, 2457, 2459, 2460, 2465, 2467, 2468, 2469, 2471, 2473, 2475, 2479, 2480, 2481, 2485, 2486, 2488, 2491, 2494, 2495, 2497, 2498, 2501, 2503, 2505, 2506, 2507, 2508, 2510, 2513, 2514, 2517, 2520, 2522, 2524, 2525, 2526, 2528, 2531, 2532, 2533, 2537, 2539, 2540, 2541, 2544, 2546, 2548, 2549, 2550, 2552, 2553, 2554, 2562, 2563, 2579, 2588, 2593, 2594, 2595, 2598, 2599, 2601, 2603, 2604, 2605, 2607, 2608, 2610, 2611, 2612, 2613, 2617, 2619, 2624, 2629, 2631, 2633, 2636, 2645, 2654, 2655, 2656, 2657, 2659, 2660, 2661, 2662, 2664, 2665, 2666, 2668, 2669, 2670, 2672, 2673, 2674, 2675, 2676, 2677, 2678, 2679, 2680, 2681, 2682, 2684, 2685, 2686, 2687, 2689, 2690, 2691, 2692, 2694, 2695, 2696, 2697, 2700, 2701, 2702, 2704, 2706, 2708, 2709, 2711, 2712, 2713, 2715, 2716, 2717, 2718, 2719, 2720, 2721, 2722, 2727, 2728, 2732, 2737, 2738, 2739, 2740, 2742, 2744, 2747, 2748, 2751, 2753, 2754, 2755, 2756, 2757, 2759, 2761, 2764, 2765, 2768, 2769, 2770, 2771, 2772, 2774, 2775, 2776, 2777, 2778, 2779, 2780, 2781, 2784, 2785, 2787, 2788, 2789, 2790, 2791, 2792, 2793, 2794, 2795, 2796, 2797, 2798, 2799, 2801, 2802, 2803, 2807, 2808, 2809, 2810, 2812, 2814, 2815, 2816, 2817, 2818, 2820, 2821, 2822, 2823, 2824, 2827, 2828, 2831, 2833, 2838, 2839, 2840, 2841, 2843, 2844, 2845, 2847, 2849, 2850, 2851, 2853, 2854, 2855, 2857, 2858, 2861, 2862, 2864, 2865, 2867, 2868, 2869, 2870, 2876, 2877, 2878, 2881, 2882, 2892, 2893, 2894, 2895, 2896, 2898, 2900, 2907, 2908, 2909, 2910, 2911, 2914, 2915, 2922, 2923, 2924, 2925, 2927, 2928, 2929, 2931, 2933, 2934, 2936, 2939, 2941, 2942, 2944, 2945, 2949, 2950, 2951, 2952, 2953, 2954, 2956, 2957, 2958, 2959, 2960, 2962, 2966, 2967, 2982, 2983, 2984, 2985, 2986, 2988, 2990, 2991, 2992, 2994, 3001, 3002, 3003, 3004, 3005, 3006, 3007, 3009, 3010, 3018, 3020, 3023, 3024, 3033, 3034, 3035, 3036, 3037, 3038, 3042, 3043, 3044, 3046, 3049, 3050, 3052, 3054, 3055, 3056, 3057, 3058, 3059, 3060, 3061, 3063, 3067, 3068, 3078, 3079, 3080, 3081, 3082, 3084, 3086, 3087, 3088, 3089, 3093, 3095, 3102, 3103, 3104, 3105, 3108, 3109, 3117, 3120, 3121, 3129, 3130, 3131, 3132, 3133, 3134, 3136, 3137, 3138, 3139, 3140, 3141, 3143, 3144, 3145, 3146, 3147, 3148, 3150, 3157, 3158, 3173, 3174, 3175, 3176, 3178, 3179, 3181, 3182, 3184, 3190, 3192, 3194, 3195, 3196, 3197, 3198, 3202, 3203, 3207, 3208, 3211, 3212, 3216, 3221, 3222, 3223, 3224, 3225, 3226, 3227, 3228, 3229, 3230, 3231, 3232, 3233, 3234, 3235, 3236, 3237, 3238, 3240, 3241, 3242, 3243, 3244, 3245, 3247, 3248, 3249, 3250, 3251, 3252, 3253, 3254, 3255, 3256, 3260, 3261, 3267, 3268, 3269, 3270, 3271, 3273, 3274, 3275, 3277, 3284, 3285, 3291, 3292, 3293, 3294, 3295, 3297, 3298, 3300, 3301, 3303, 3310, 3311, 3312, 3314, 3315, 3318, 3319, 3320, 3321, 3323, 3325, 3331, 3332, 3333, 3334, 3336, 3337, 3338, 3342, 3345, 3346, 3347, 3348, 3350, 3351, 3352, 3353, 3354, 3356, 3357, 3358, 3359, 3360, 3361, 3363, 3364, 3365, 3366, 3367, 3368, 3371, 3372, 3373, 3374, 3375, 3377, 3378, 3379, 3381, 3382, 3383, 3384, 3386, 3388, 3389, 3391, 3392, 3393, 3394, 3395, 3397, 3400, 3401, 3407, 3408, 3409, 3410, 3411, 3413, 3414, 3415, 3416, 3418, 3419, 3420, 3422, 3423, 3424, 3426, 3428, 3435, 3436, 3438, 3439, 3441, 3442, 3444, 3445, 3446, 3448, 3449, 3450, 3452, 3453, 3454, 3456, 3457, 3458, 3459, 3461, 3462, 3464, 3470, 3472, 3473, 3476, 3477, 3478, 3479, 3480, 3482, 3483, 3484, 3486, 3488, 3490, 3493, 3494, 3496, 3498, 3499, 3500, 3503, 3504, 3520, 3521, 3523, 3530, 3531, 3535, 3536, 3537, 3538, 3540, 3541, 3542, 3543, 3547, 3549, 3551, 3552, 3553, 3555, 3556, 3557, 3559, 3560, 3562, 3563, 3564, 3565, 3566, 3570, 3571, 3572, 3573, 3575, 3576, 3578, 3579, 3580, 3581, 3583, 3584, 3586, 3594, 3595, 3596, 3598, 3599, 3602, 3603, 3604, 3605, 3606, 3608, 3611, 3612, 3613, 3617, 3618, 3619, 3620, 3626, 3627, 3628, 3631, 3632, 3638, 3639, 3641, 3645, 3646, 3650, 3658, 3659, 3675, 3676, 3677, 3678, 3679, 3680, 3681, 3682, 3684, 3685, 3686, 3688, 3689, 3690, 3691, 3692, 3693, 3694, 3695, 3696, 3697, 3698, 3700, 3701, 3702, 3703, 3704, 3705, 3707, 3710, 3711, 3712, 3714, 3715, 3716, 3717, 3718, 3719, 3720, 3721, 3723, 3725, 3728, 3737, 3738, 3761, 3772, 3776, 3778, 3779, 3781, 3782, 3784, 3785, 3786, 3788, 3790, 3792, 3795, 3800, 3804, 3805, 3806, 3809, 3819, 3820, 3821, 3824, 3825, 3827, 3830, 3833, 3838, 3839, 3840, 3843, 3844, 3845, 3848, 3849, 3850, 3852, 3854, 3856, 3858, 3859, 3860, 3865, 3866, 3867, 3870, 3871, 3873, 3874, 3877, 3882, 3883, 3884, 3887, 3888, 3891, 3892, 3897, 3898, 3901, 3905, 3907, 3909, 3911, 3912, 3913, 3914, 3915], "summary": {"covered_lines": 1577, "num_statements": 1834, "percent_covered": 84.34470377019748, "percent_covered_display": "84.34", "missing_lines": 257, "excluded_lines": 78, "num_branches": 951, "num_partial_branches": 85, "covered_branches": 772, "missing_branches": 179}, "missing_lines": [128, 185, 195, 201, 207, 257, 258, 260, 294, 303, 309, 317, 321, 355, 361, 365, 369, 373, 376, 400, 414, 415, 427, 428, 429, 434, 437, 440, 456, 476, 477, 478, 483, 503, 508, 511, 512, 513, 514, 515, 516, 517, 518, 519, 520, 521, 523, 531, 532, 533, 538, 560, 563, 564, 565, 566, 570, 573, 574, 579, 580, 583, 584, 589, 590, 591, 594, 596, 597, 599, 612, 615, 616, 617, 618, 619, 620, 623, 624, 625, 626, 640, 713, 819, 879, 880, 882, 901, 902, 903, 904, 906, 908, 909, 910, 911, 912, 918, 980, 981, 982, 984, 992, 1013, 1079, 1132, 1136, 1138, 1142, 1146, 1148, 1178, 1203, 1209, 1216, 1231, 1317, 1318, 1319, 1327, 1329, 1331, 1333, 1334, 1337, 1344, 1345, 1347, 1348, 1358, 1359, 1360, 1361, 1363, 1365, 1367, 1372, 1378, 1379, 1385, 1387, 1390, 1391, 1395, 1396, 1398, 1435, 1607, 1620, 1631, 1640, 1654, 1674, 1758, 1796, 1863, 1866, 1867, 1871, 1872, 1874, 1940, 1950, 1971, 1981, 1982, 1983, 1984, 1986, 2024, 2025, 2026, 2027, 2029, 2057, 2117, 2181, 2199, 2201, 2202, 2204, 2240, 2242, 2243, 2245, 2250, 2275, 2277, 2278, 2280, 2281, 2288, 2289, 2302, 2306, 2350, 2354, 2373, 2380, 2393, 2420, 2426, 2433, 2489, 2602, 2606, 2615, 2620, 2632, 2637, 2646, 2647, 2648, 2649, 2650, 2698, 2745, 2749, 2762, 2766, 2805, 2811, 2859, 2937, 2947, 3047, 3185, 3193, 3199, 3204, 3210, 3214, 3217, 3246, 3258, 3326, 3327, 3328, 3329, 3335, 3369, 3385, 3398, 3474, 3495, 3524, 3532, 3545, 3587, 3588, 3600, 3609, 3642, 3643, 3722, 3729, 3773], "excluded_lines": [82, 83, 84, 85, 87, 88, 89, 90, 92, 93, 94, 95, 97, 98, 99, 100, 102, 103, 104, 105, 107, 108, 109, 110, 113, 114, 115, 116, 141, 238, 239, 240, 241, 242, 272, 273, 443, 446, 452, 495, 496, 541, 544, 547, 550, 556, 601, 602, 645, 648, 651, 657, 679, 680, 1400, 1876, 2082, 2085, 2088, 2091, 2283, 2292, 2298, 2492, 2529, 2834, 2864, 2865, 2962, 2963, 3063, 3064, 3150, 3151, 3490, 3491, 3592, 3726], "executed_branches": [[123, 122], [123, 126], [127, 126], [127, 130], [135, 138], [135, 149], [144, 145], [144, 147], [157, 158], [157, 161], [168, 169], [168, 171], [178, 179], [178, 180], [180, 181], [180, 182], [189, 188], [189, 211], [191, 192], [191, 194], [194, 198], [198, 200], [200, 203], [203, 206], [206, 209], [212, 211], [212, 216], [220, 221], [220, 222], [227, 228], [227, 230], [234, 235], [234, 236], [256, 255], [256, 262], [266, 267], [266, 268], [268, 269], [268, 270], [312, 311], [312, 315], [316, 315], [316, 319], [320, 319], [320, 323], [364, 363], [364, 367], [368, 367], [368, 371], [372, 371], [372, 375], [399, 401], [405, -405], [405, 405], [405, 408], [408, 409], [408, 419], [411, 412], [411, 416], [413, 411], [416, 417], [451, 450], [451, 454], [455, 454], [455, 458], [460, 461], [460, 462], [473, 474], [473, 480], [480, 489], [489, 490], [489, 493], [490, -490], [490, 489], [490, 490], [490, 491], [502, 504], [555, 554], [555, 558], [559, 558], [559, 562], [656, 655], [656, 659], [660, 659], [660, 663], [665, 666], [673, 674], [673, 677], [684, 685], [684, 686], [686, 687], [686, 688], [688, 689], [688, 690], [690, 691], [690, 693], [701, 702], [701, 703], [703, 704], [703, 705], [705, 706], [705, 707], [707, 708], [707, 710], [708, -708], [708, 708], [708, 709], [710, 711], [719, 720], [719, 721], [721, 722], [721, 723], [743, -735], [743, 742], [810, 811], [810, 814], [814, 815], [814, 816], [816, 817], [824, 825], [824, 828], [828, 829], [828, 837], [837, 838], [837, 844], [844, 845], [844, 848], [851, 850], [851, 876], [870, 871], [870, 873], [877, 878], [931, 932], [931, 933], [932, 931], [932, 933], [933, 932], [933, 936], [937, 936], [937, 976], [944, 945], [944, 948], [950, 951], [950, 953], [953, 954], [953, 955], [955, 956], [968, 969], [968, 971], [976, 977], [976, 978], [977, 976], [977, 978], [978, 977], [978, 986], [987, 986], [987, 990], [991, 990], [991, 998], [999, 998], [999, 1023], [1003, 1004], [1003, 1007], [1007, 1008], [1023, 1024], [1023, 1025], [1024, 1023], [1024, 1025], [1025, 1024], [1025, 1029], [1068, 1069], [1068, 1072], [1072, 1073], [1072, 1078], [1073, 1074], [1073, 1078], [1074, 1073], [1074, 1075], [1078, 1086], [1088, 1089], [1088, 1091], [1098, 1097], [1098, 1273], [1106, 1111], [1106, 1218], [1111, -1111], [1111, 1111], [1111, 1116], [1118, 1119], [1118, 1130], [1130, 1131], [1140, 1141], [1150, 1152], [1174, 1175], [1174, 1177], [1177, 1184], [1191, 1192], [1191, 1194], [1194, 1197], [1218, 1223], [1218, 1259], [1223, -1223], [1223, 1223], [1223, 1228], [1230, 1239], [1251, 1252], [1251, 1257], [1259, 1262], [1259, 1271], [1274, 1273], [1274, 1278], [1279, 1278], [1279, 1389], [1284, -1284], [1284, 1284], [1284, 1289], [1291, 1292], [1291, 1297], [1297, 1298], [1301, 1302], [1301, 1304], [1404, 1403], [1404, 1612], [1415, 1416], [1415, 1418], [1418, 1420], [1418, 1437], [1425, 1426], [1425, 1427], [1427, 1428], [1437, 1443], [1437, 1452], [1452, 1455], [1452, 1471], [1460, 1461], [1460, 1463], [1466, 1467], [1466, 1469], [1471, 1476], [1471, 1528], [1476, -1476], [1476, 1476], [1476, 1481], [1483, 1484], [1483, 1507], [1493, -1493], [1493, 1493], [1493, 1496], [1496, -1496], [1496, 1496], [1496, 1502], [1509, 1510], [1509, 1523], [1512, 1509], [1512, 1513], [1516, 1517], [1516, 1519], [1523, 1524], [1523, 1526], [1528, 1532], [1528, 1610], [1535, 1536], [1535, 1538], [1538, -1538], [1538, 1538], [1538, 1541], [1542, 1543], [1542, 1549], [1543, -1543], [1543, 1543], [1543, 1544], [1544, -1544], [1544, 1544], [1544, 1546], [1551, 1552], [1551, 1588], [1554, 1555], [1554, 1580], [1559, 1560], [1559, 1562], [1568, -1568], [1568, 1568], [1568, 1572], [1572, 1573], [1572, 1578], [1573, 1572], [1573, 1573], [1573, 1576], [1580, -1580], [1580, 1580], [1580, 1584], [1590, 1591], [1590, 1600], [1591, 1590], [1591, 1592], [1597, 1591], [1597, 1598], [1604, 1605], [1619, 1624], [1624, 1625], [1624, 1643], [1630, 1632], [1632, 1633], [1653, 1658], [1658, 1659], [1658, 1676], [1664, 1665], [1664, 1666], [1666, 1667], [1676, 1682], [1676, 1692], [1699, 1700], [1699, 1702], [1705, 1704], [1705, 1719], [1714, 1715], [1714, 1717], [1719, 1720], [1719, 1721], [1720, 1719], [1720, 1721], [1721, 1720], [1721, 1732], [1727, 1728], [1727, 1730], [1733, 1732], [1733, 1736], [1737, 1736], [1737, 1741], [1746, 1745], [1746, 1756], [1790, 1791], [1801, -1789], [1801, 1802], [1802, -1789], [1802, 1803], [1803, 1802], [1803, 1804], [1808, 1807], [1808, 1852], [1815, 1819], [1815, 1838], [1838, 1841], [1838, 1850], [1853, 1852], [1853, 1861], [1882, 1881], [1882, 1892], [1893, 1892], [1893, 1896], [1897, 1896], [1897, 1900], [1901, 1900], [1901, 1937], [1914, 1915], [1914, 1918], [1938, 1937], [1938, 1948], [1967, 1966], [1967, 1970], [2010, 2009], [2010, 2013], [2056, 2060], [2065, 2064], [2065, 2068], [2116, 2119], [2119, 2120], [2119, 2122], [2126, 2127], [2139, 2140], [2139, 2143], [2149, 2148], [2149, 2156], [2157, 2156], [2157, 2160], [2161, -2039], [2161, 2160], [2176, 2177], [2176, 2178], [2178, 2179], [2196, 2206], [2206, 2209], [2206, 2211], [2211, 2212], [2211, 2216], [2224, 2227], [2224, 2229], [2237, 2247], [2286, 2285], [2286, 2291], [2297, 2296], [2297, 2300], [2301, 2300], [2301, 2304], [2305, 2304], [2305, 2308], [2314, 2316], [2314, 2327], [2318, 2318], [2318, 2323], [2345, 2347], [2347, 2348], [2353, 2356], [2359, -2359], [2359, 2359], [2359, 2360], [2360, -2360], [2360, 2360], [2360, 2361], [2371, 2372], [2372, 2377], [2379, 2384], [2392, 2391], [2392, 2395], [2396, -2165], [2396, 2395], [2416, 2417], [2425, 2428], [2428, 2429], [2428, 2430], [2430, 2431], [2440, 2441], [2440, 2459], [2443, 2440], [2443, 2445], [2447, 2448], [2447, 2452], [2452, 2453], [2452, 2457], [2460, -2460], [2460, 2460], [2460, 2465], [2467, 2468], [2467, 2473], [2475, -2475], [2475, 2475], [2475, 2479], [2532, 2531], [2532, 2537], [2549, 2548], [2549, 2552], [2553, -2400], [2553, 2552], [2598, 2599], [2598, 2601], [2601, 2603], [2603, 2604], [2603, 2610], [2604, -2604], [2604, 2604], [2604, 2605], [2605, 2607], [2610, 2611], [2610, 2612], [2612, 2613], [2619, 2624], [2624, 2624], [2624, 2629], [2624, 2631], [2631, 2633], [2654, 2655], [2654, 2656], [2655, 2654], [2655, 2656], [2656, 2655], [2656, 2659], [2659, 2660], [2659, 2661], [2660, 2659], [2660, 2661], [2661, 2660], [2661, 2664], [2665, 2664], [2665, 2668], [2669, 2668], [2669, 2672], [2673, 2672], [2673, 2684], [2675, 2676], [2675, 2677], [2679, -2679], [2679, 2679], [2679, 2680], [2680, -2680], [2680, 2680], [2680, 2681], [2691, 2689], [2691, 2692], [2695, 2694], [2695, 2706], [2696, 2697], [2696, 2700], [2697, 2700], [2701, 2702], [2701, 2704], [2708, 2709], [2708, 2711], [2711, 2712], [2711, 2715], [2712, 2713], [2712, 2715], [2717, 2718], [2717, 2740], [2719, 2720], [2719, 2738], [2720, 2721], [2720, 2727], [2722, -2722], [2722, 2722], [2722, 2737], [2727, 2728], [2732, -2732], [2732, 2732], [2732, 2737], [2744, 2747], [2747, 2748], [2747, 2751], [2748, 2751], [2753, 2754], [2753, 2755], [2761, 2764], [2764, 2765], [2764, 2768], [2765, 2768], [2769, 2770], [2769, 2772], [2774, 2775], [2774, 2776], [2775, 2774], [2775, 2776], [2776, 2775], [2776, 2801], [2779, 2780], [2779, 2787], [2780, 2781], [2780, 2784], [2784, 2779], [2784, 2785], [2788, 2789], [2788, 2792], [2789, 2788], [2789, 2790], [2792, 2793], [2792, 2794], [2794, -2794], [2794, 2794], [2794, 2795], [2794, 2796], [2801, 2802], [2801, 2803], [2802, 2801], [2802, 2803], [2803, 2802], [2803, 2807], [2808, 2807], [2808, 2814], [2810, 2812], [2815, 2814], [2815, 2820], [2820, 2821], [2820, 2822], [2821, 2820], [2821, 2822], [2822, 2821], [2822, 2833], [2827, 2828], [2827, 2831], [2839, 2838], [2839, 2843], [2844, 2843], [2844, 2849], [2850, 2849], [2850, 2853], [2854, 2853], [2854, 2857], [2858, 2857], [2858, 2861], [2868, 2869], [2868, 2870], [2877, -2562], [2877, 2876], [2907, 2908], [2907, 2909], [2908, 2907], [2908, 2909], [2909, 2908], [2909, 2914], [2928, 2929], [2928, 2931], [2936, 2939], [2944, 2945], [3001, 3002], [3001, 3003], [3002, 3001], [3002, 3003], [3003, 3002], [3003, 3023], [3006, 3007], [3006, 3009], [3043, 3042], [3043, 3054], [3046, 3049], [3049, 3050], [3049, 3052], [3089, -3089], [3089, 3089], [3089, 3093], [3102, 3103], [3102, 3104], [3103, 3102], [3103, 3104], [3104, 3103], [3104, 3120], [3174, 3175], [3174, 3178], [3181, 3182], [3181, 3196], [3184, -3184], [3184, 3184], [3184, 3190], [3190, -3190], [3190, 3190], [3190, 3192], [3192, 3194], [3196, 3197], [3197, 3198], [3197, 3202], [3198, 3211], [3202, 3203], [3203, 3207], [3207, 3208], [3207, 3211], [3216, 3221], [3225, 3226], [3225, 3229], [3230, -3173], [3230, 3231], [3233, 3234], [3233, 3238], [3234, 3235], [3234, 3236], [3241, 3240], [3241, 3260], [3242, 3243], [3242, 3252], [3245, 3247], [3248, 3249], [3248, 3251], [3252, 3253], [3254, 3255], [3254, 3256], [3261, 3260], [3261, 3284], [3268, 3269], [3268, 3270], [3270, 3271], [3270, 3273], [3285, 3284], [3285, 3310], [3292, 3293], [3292, 3294], [3294, 3295], [3294, 3297], [3320, 3321], [3320, 3323], [3333, 3334], [3333, 3348], [3334, 3336], [3338, 3338], [3338, 3342], [3338, 3346], [3342, -3342], [3342, 3342], [3342, 3345], [3352, 3353], [3352, 3354], [3358, 3359], [3358, 3361], [3364, 3363], [3364, 3381], [3366, 3367], [3366, 3368], [3368, -3368], [3368, 3368], [3368, 3371], [3372, 3373], [3372, 3378], [3374, 3375], [3374, 3377], [3382, 3381], [3382, 3388], [3384, 3386], [3392, 3391], [3392, 3397], [3401, 3400], [3401, 3413], [3414, 3413], [3414, 3418], [3419, 3418], [3419, 3428], [3422, 3423], [3423, 3422], [3423, 3424], [3439, -3439], [3439, -3438], [3439, 3439], [3442, -3442], [3442, -3441], [3442, 3442], [3445, 3444], [3445, 3448], [3449, 3448], [3449, 3452], [3453, 3452], [3453, 3456], [3457, 3456], [3457, 3461], [3473, 3476], [3477, 3478], [3477, 3483], [3479, 3480], [3479, 3482], [3494, 3496], [3499, -3157], [3499, 3498], [3523, 3530], [3530, 3531], [3530, 3535], [3531, -3531], [3531, 3530], [3531, 3531], [3538, -3538], [3538, 3538], [3538, 3540], [3540, 3541], [3540, 3542], [3542, 3543], [3560, -3560], [3560, -3559], [3560, 3560], [3566, -3566], [3566, 3566], [3566, 3570], [3570, -3570], [3570, 3570], [3570, 3571], [3571, 3572], [3571, 3573], [3595, 3594], [3595, 3598], [3599, 3598], [3599, 3602], [3603, 3602], [3603, 3608], [3612, 3611], [3612, 3617], [3618, 3619], [3618, 3620], [3627, -3503], [3627, 3626], [3632, 3631], [3632, 3658], [3638, 3639], [3638, 3641], [3641, 3645], [3645, 3646], [3645, 3650], [3681, -3681], [3681, 3681], [3681, 3682], [3693, 3694], [3693, 3695], [3696, 3697], [3696, 3698], [3702, 3703], [3702, 3704], [3710, 3711], [3710, 3714], [3711, 3710], [3711, 3712], [3714, -3714], [3714, 3714], [3714, 3715], [3718, 3719], [3718, 3723], [3719, 3718], [3719, 3720], [3721, 3719], [3772, 3776], [3778, 3779], [3778, 3781], [3781, 3782], [3781, 3784], [3788, 3790], [3788, 3800], [3790, 3792], [3790, 3795], [3827, 3827], [3827, 3830], [3827, 3838], [3838, 3839], [3838, 3843], [3843, 3844], [3848, 3849], [3848, 3852], [3859, -3819], [3859, 3858], [3873, 3874], [3873, 3882], [3882, 3883], [3882, 3887], [3897, 3898], [3897, 3905], [3912, -3865], [3912, 3911]], "missing_branches": [[194, 195], [198, 209], [200, 201], [203, 209], [206, 207], [257, 258], [257, 260], [399, 400], [413, 414], [416, 419], [427, -427], [427, 428], [434, -434], [434, -433], [437, -437], [437, -436], [440, -440], [440, -439], [480, 483], [502, 503], [508, -508], [508, 511], [511, 512], [511, 523], [514, 515], [514, 519], [516, 514], [516, 517], [519, 520], [519, 523], [531, -531], [531, 532], [538, -538], [538, -537], [564, 565], [564, 566], [573, -573], [573, 574], [573, 579], [579, -579], [579, 580], [580, -580], [580, 583], [583, -583], [583, 584], [583, 589], [589, -589], [589, 590], [594, -594], [594, 596], [596, 597], [596, 599], [615, 616], [615, 620], [617, 618], [617, 620], [665, 667], [710, 713], [816, 819], [877, 879], [879, 880], [879, 882], [901, 902], [901, 903], [903, 904], [903, 906], [955, 962], [981, -981], [981, 982], [1007, 1013], [1078, 1079], [1130, 1132], [1132, 1136], [1132, 1138], [1140, 1142], [1142, 1146], [1142, 1148], [1150, 1184], [1177, 1178], [1194, 1203], [1203, 1209], [1203, 1216], [1230, 1231], [1297, 1317], [1317, 1318], [1317, 1319], [1319, 1327], [1319, 1329], [1331, 1333], [1331, 1358], [1333, 1334], [1333, 1337], [1347, 1348], [1347, 1358], [1358, 1359], [1358, 1360], [1360, 1361], [1360, 1363], [1365, 1367], [1365, 1385], [1378, 1379], [1378, 1385], [1390, 1391], [1390, 1395], [1427, 1435], [1604, 1607], [1619, 1620], [1630, 1631], [1632, 1640], [1653, 1654], [1666, 1674], [1790, 1796], [1866, 1867], [1866, 1871], [2056, 2057], [2116, 2117], [2126, 2130], [2178, 2181], [2196, 2199], [2201, 2202], [2201, 2204], [2237, 2240], [2242, 2243], [2242, 2245], [2277, 2278], [2277, 2280], [2318, 2327], [2345, 2379], [2347, 2350], [2353, 2354], [2371, 2345], [2372, 2373], [2379, 2380], [2416, 2420], [2425, 2426], [2430, 2433], [2601, 2602], [2605, 2606], [2612, 2615], [2619, 2620], [2631, 2632], [2697, 2698], [2727, 2737], [2744, 2745], [2748, 2749], [2761, 2762], [2765, 2766], [2810, 2811], [2936, 2937], [2944, 2947], [3046, 3047], [3184, 3185], [3192, 3193], [3196, 3214], [3198, 3199], [3202, 3210], [3203, 3204], [3216, 3217], [3245, 3246], [3252, 3258], [3327, 3328], [3327, 3329], [3334, 3335], [3368, 3369], [3384, 3385], [3422, 3426], [3473, 3474], [3494, 3495], [3523, 3524], [3531, 3532], [3542, 3545], [3588, -3588], [3588, -3586], [3641, 3642], [3642, -3642], [3642, 3643], [3721, 3722], [3772, 3773], [3843, 3848]]}, "src/scenic/core/requirements.py": {"executed_lines": [1, 3, 4, 5, 6, 7, 9, 10, 12, 13, 14, 15, 16, 19, 20, 22, 25, 26, 27, 30, 31, 32, 34, 35, 36, 39, 40, 41, 42, 43, 44, 45, 52, 53, 54, 55, 56, 57, 58, 59, 61, 62, 63, 65, 71, 72, 75, 76, 77, 80, 81, 82, 83, 84, 85, 92, 93, 95, 96, 97, 100, 104, 105, 106, 107, 109, 111, 113, 114, 116, 119, 120, 121, 126, 128, 131, 133, 134, 135, 136, 137, 138, 139, 140, 141, 142, 143, 144, 147, 148, 151, 152, 153, 154, 155, 156, 157, 158, 159, 161, 162, 164, 165, 166, 168, 169, 171, 172, 173, 177, 178, 181, 182, 184, 185, 186, 187, 189, 190, 191, 194, 195, 196, 197, 198, 200, 202, 204, 205, 206, 209, 210, 212, 213, 215, 218, 221, 227, 228, 233, 234, 235, 236, 237, 238, 239, 240, 242, 245, 246, 247, 249, 252, 253, 254, 260, 261, 271, 272, 273, 275, 276, 279, 280, 281, 283, 284, 285, 290, 291, 292, 293, 294, 296, 297, 298, 299, 300, 301, 303, 304, 305, 308, 309, 310, 311, 312, 314, 315, 316, 317, 318, 319, 320, 322, 323, 325, 327, 328, 329, 330, 331, 332, 335, 336, 337, 338, 339, 341, 342, 343, 344, 346, 347, 348, 351, 352, 353, 354, 355, 356, 360, 361, 362, 363, 364, 365, 367, 368, 369, 372, 373, 374, 376, 377, 378, 381, 382, 383, 384, 385, 386, 387, 388, 389, 390, 392, 393, 394, 396, 397, 398, 400, 401, 402, 406, 407, 408], "summary": {"covered_lines": 251, "num_statements": 264, "percent_covered": 93.9306358381503, "percent_covered_display": "93.93", "missing_lines": 13, "excluded_lines": 7, "num_branches": 82, "num_partial_branches": 6, "covered_branches": 74, "missing_branches": 8}, "missing_lines": [122, 145, 175, 207, 216, 219, 222, 223, 225, 243, 250, 256, 404], "excluded_lines": [275, 276, 277, 284, 285, 286, 287], "executed_branches": [[19, 20], [19, 22], [35, -19], [35, 34], [55, 56], [55, 62], [58, 59], [58, 61], [76, 77], [76, 80], [81, 82], [81, 92], [82, 83], [82, 84], [84, 81], [84, 85], [92, 93], [92, 95], [95, 96], [95, 100], [105, 106], [105, 109], [106, 105], [106, 107], [113, -100], [113, 114], [113, 126], [114, 116], [114, 119], [121, 113], [134, 135], [134, 136], [139, 140], [139, 148], [141, 139], [141, 142], [143, 139], [143, 144], [144, 147], [172, 173], [205, -204], [205, 206], [206, 209], [253, 254], [299, 300], [299, 301], [304, -290], [304, 303], [315, -315], [315, 315], [315, 316], [317, 318], [317, 320], [318, 317], [318, 319], [322, 323], [322, 325], [328, -308], [328, 327], [347, -335], [347, 346], [356, -356], [356, -352], [356, 356], [363, -363], [363, 363], [363, 364], [364, -364], [364, 364], [364, 365], [368, -351], [368, 367], [377, -372], [377, 376], [393, 392], [393, 396], [401, 402], [407, -381], [407, 406]], "missing_branches": [[121, 122], [144, 145], [172, 175], [206, 207], [222, 223], [222, 225], [253, 256], [401, 404]]}, "src/scenic/core/sample_checking.py": {"executed_lines": [1, 3, 4, 5, 7, 8, 11, 12, 13, 15, 16, 17, 19, 20, 23, 24, 25, 26, 27, 31, 32, 37, 41, 58, 66, 67, 76, 77, 78, 79, 80, 82, 83, 85, 86, 87, 88, 90, 91, 93, 94, 96, 98, 100, 101, 103, 105, 108, 109, 112, 113, 115, 117, 120, 121, 122, 125, 126, 127, 130, 131, 132, 134, 135, 136], "summary": {"covered_lines": 60, "num_statements": 74, "percent_covered": 74.74747474747475, "percent_covered_display": "74.75", "missing_lines": 14, "excluded_lines": 3, "num_branches": 25, "num_partial_branches": 0, "covered_branches": 14, "missing_branches": 11}, "missing_lines": [28, 38, 39, 42, 43, 44, 46, 52, 54, 56, 59, 60, 61, 63], "excluded_lines": [19, 20, 21], "executed_branches": [[85, -85], [85, 85], [85, 86], [86, -86], [86, 86], [86, 87], [87, -82], [87, 88], [91, 93], [91, 103], [100, 91], [100, 101], [108, -108], [108, 108], [108, 109], [112, 1
[...]
2, 14316], [14317, 14320], [14317, 14321], [14328, 14331], [14328, 14332], [14333, 14336], [14333, 14337], [14338, 14341], [14338, 14342], [14349, 14352], [14349, 14353], [14354, 14357], [14354, 14358], [14359, 14362], [14359, 14363], [14371, 14376], [14385, 14393], [14401, 14406], [14401, 14408], [14415, 14422], [14415, 14423], [14431, 14436], [14431, 14438], [14445, 14452], [14445, 14453], [14461, 14466], [14461, 14468], [14475, 14482], [14475, 14483], [14491, 14496], [14491, 14498], [14505, 14512], [14505, 14513], [14520, 14523], [14525, 14528], [14537, 14540], [14550, 14553], [14562, 14567], [14562, 14568], [14576, 14579], [14589, 14592], [14601, 14606], [14601, 14607], [14614, 14619], [14614, 14620], [14627, 14632], [14627, 14633], [14640, 14643], [14640, 14644], [14645, 14648], [14645, 14649], [14656, 14661], [14656, 14662], [14669, 14674], [14669, 14675], [14682, 14687], [14682, 14688], [14695, 14700], [14708, 14715], [14708, 14716], [14723, 14730], [14723, 14731], [14739, 14744], [14739, 14746], [14753, 14760], [14753, 14761], [14768, 14771], [14768, 14772], [14773, 14776], [14773, 14777], [14784, 14787], [14784, 14788], [14789, 14792], [14789, 14793], [14800, 14803], [14800, 14804], [14805, 14808], [14805, 14809], [14816, 14819], [14816, 14820], [14821, 14824], [14821, 14825], [14832, 14835], [14832, 14836], [14837, 14840], [14837, 14841], [14842, 14845], [14842, 14846], [14847, 14850], [14847, 14851], [14858, 14861], [14858, 14862], [14863, 14866], [14863, 14867], [14874, 14877], [14874, 14878], [14879, 14882], [14879, 14883], [14884, 14887], [14884, 14888], [14895, 14898], [14895, 14899], [14900, 14903], [14900, 14904], [14911, 14914], [14911, 14915], [14916, 14919], [14916, 14920], [14927, 14932], [14927, 14933], [14940, 14943], [14940, 14944], [14945, 14948], [14945, 14949], [14956, 14959], [14956, 14960], [14961, 14964], [14961, 14965], [14972, 14977], [14972, 14978], [14986, 14989], [14986, 14991], [14998, 15001], [14998, 15002], [15003, 15006], [15003, 15007], [15014, 15019], [15014, 15020], [15027, 15030], [15027, 15031], [15032, 15035], [15032, 15036], [15061, 15064], [15077, 15080], [15103, 15111], [15174, 15179], [15174, 15180], [15252, 15256], [15257, 15260], [15257, 15261], [15268, 15271], [15284, 15289], [15284, 15290], [15354, 15359], [15367, 15372], [15380, 15383], [15380, 15384], [15385, 15388], [15385, 15389], [15396, 15399], [15396, 15400], [15401, 15404], [15401, 15405], [15412, 15417], [15412, 15418], [15425, 15430], [15425, 15431], [15438, 15443], [15438, 15444], [15451, 15456], [15451, 15457], [15464, 15469], [15464, 15470], [15498, 15502], [15514, 15518], [15525, 15528], [15543, 15548], [15543, 15549], [15556, 15561], [15556, 15562], [15569, 15574], [15569, 15575], [15582, 15587], [15582, 15588], [15595, 15596]]}, "src/scenic/syntax/pygment.py": {"executed_lines": [1, 22, 24, 25, 30, 40, 41, 42, 43, 46, 47, 58, 59, 61, 63, 348, 349, 351, 352, 353, 354, 355, 356, 358, 359, 361, 389, 395, 419, 420, 456, 457, 468, 469, 471, 672, 687, 688, 694, 695, 696, 697, 698, 700, 707, 711, 712, 718, 719, 720, 721, 722, 724, 731, 735, 736, 738, 739, 741, 758, 759, 761, 762, 764, 771, 772, 774, 775, 777, 783, 787, 788, 790, 791, 793, 806, 810, 811, 819, 822, 825, 865, 866, 868, 869, 870, 871, 872, 874, 875, 876, 946, 1035], "summary": {"covered_lines": 82, "num_statements": 105, "percent_covered": 68.90756302521008, "percent_covered_display": "68.91", "missing_lines": 23, "excluded_lines": 0, "num_branches": 14, "num_partial_branches": 0, "covered_branches": 0, "missing_branches": 14}, "missing_lines": [26, 27, 673, 674, 675, 676, 677, 678, 679, 680, 681, 682, 683, 684, 708, 732, 784, 807, 1036, 1037, 1038, 1039, 1041], "excluded_lines": [], "executed_branches": [], "missing_branches": [[674, 675], [674, 676], [676, 677], [676, 678], [678, 679], [678, 680], [680, 681], [680, 682], [682, 683], [682, 684], [1036, 1037], [1036, 1038], [1038, 1039], [1038, 1041]]}, "src/scenic/syntax/relations.py": {"executed_lines": [1, 3, 18, 19, 21, 22, 23, 26, 28, 30, 31, 34, 36, 37, 38, 39, 41, 42, 46, 47, 49, 50, 51, 53, 54, 55, 56, 59, 61, 62, 63, 64, 66, 67, 69, 70, 71, 72, 74, 75, 76, 77, 80, 81, 83, 84, 85, 88, 89, 91, 94, 95, 97, 100, 101, 102, 104, 105, 107, 109, 114, 115, 117, 119, 121, 127, 128, 129, 130, 131, 132, 133, 134, 135, 136, 137, 138, 139, 140, 141, 142, 143, 144, 145, 147, 150, 151, 152, 153, 155, 156, 157, 158, 159, 165, 166, 169, 170, 171, 172, 173, 179, 180, 182, 184, 186, 191, 192, 193, 194, 195, 196, 197, 198, 199, 201, 203, 204, 205, 206, 210, 211, 212, 215, 220, 222, 224, 225, 227, 233, 234, 235, 236, 237, 238], "summary": {"covered_lines": 131, "num_statements": 148, "percent_covered": 83.7719298245614, "percent_covered_display": "83.77", "missing_lines": 17, "excluded_lines": 0, "num_branches": 80, "num_partial_branches": 18, "covered_branches": 60, "missing_branches": 20}, "missing_lines": [40, 43, 48, 52, 65, 68, 73, 116, 118, 167, 181, 200, 208, 214, 216, 217, 219], "excluded_lines": [], "executed_branches": [[36, -36], [36, 37], [38, -34], [38, 39], [39, 41], [42, 46], [47, 49], [49, 50], [51, 53], [61, -61], [61, 62], [63, -59], [63, 64], [64, 66], [67, 69], [70, 71], [72, 74], [109, 109], [109, 114], [109, 115], [115, 117], [117, 119], [127, 128], [127, 129], [129, -129], [129, 130], [132, 133], [132, 145], [135, 136], [135, 137], [140, 141], [140, 142], [142, 143], [142, 144], [145, -145], [145, -121], [145, 145], [150, 151], [150, 152], [152, 153], [152, 155], [156, 157], [156, 169], [158, 159], [158, 165], [166, 169], [170, 171], [170, 182], [172, 173], [172, 179], [180, 182], [186, 186], [186, 191], [186, 192], [192, 193], [192, 194], [194, 195], [194, 196], [199, 201], [201, 203], [206, 210], [212, 215], [215, 220]], "missing_branches": [[39, 40], [42, 43], [47, 48], [49, 51], [51, 52], [64, 65], [67, 68], [70, 74], [72, 73], [115, 116], [117, 118], [166, 167], [180, 181], [199, 200], [201, 220], [206, 208], [212, 214], [215, 216], [216, 217], [216, 219]]}, "src/scenic/syntax/translator.py": {"executed_lines": [1, 22, 23, 24, 25, 26, 27, 28, 29, 30, 31, 32, 33, 34, 35, 36, 38, 39, 40, 41, 42, 43, 44, 45, 46, 47, 52, 53, 54, 59, 61, 63, 65, 67, 68, 70, 71, 72, 74, 81, 82, 85, 88, 103, 104, 105, 108, 130, 131, 132, 133, 134, 135, 136, 137, 138, 140, 141, 142, 147, 169, 170, 171, 172, 174, 175, 177, 180, 181, 189, 190, 191, 192, 193, 194, 195, 199, 200, 205, 218, 220, 221, 222, 223, 224, 225, 226, 230, 262, 265, 278, 279, 280, 281, 282, 284, 285, 288, 289, 291, 292, 293, 294, 297, 298, 299, 301, 302, 303, 304, 306, 307, 308, 313, 314, 315, 318, 321, 324, 325, 327, 328, 329, 330, 331, 334, 341, 342, 348, 349, 350, 362, 363, 364, 365, 370, 377, 379, 386, 387, 388, 390, 391, 393, 395, 396, 397, 398, 402, 403, 404, 408, 409, 411, 412, 414, 415, 416, 417, 419, 420, 421, 422, 425, 426, 427, 428, 429, 431, 432, 433, 434, 435, 442, 443, 444, 445, 449, 451, 453, 461, 462, 463, 465, 466, 471, 477, 478, 480, 487, 489, 490, 491, 494, 495, 496, 497, 499, 500, 501, 502, 503, 504, 505, 507, 508, 510, 511, 512, 513, 517, 518, 519, 520, 521, 523, 525, 526, 527, 531, 532, 533, 534, 535, 536, 539, 540, 547, 548, 549, 550, 551, 557, 559, 560, 561, 563, 564, 567, 575, 579, 580, 581, 582, 583, 585, 586, 587, 588, 590, 591, 593, 594, 595, 596, 600, 603, 604, 605, 609, 610, 611, 613, 616, 621, 623, 624, 625, 628, 633, 634, 635, 636, 637, 640, 641, 642, 644, 645, 646, 647, 648, 651, 653, 655, 656, 658, 659, 660, 661, 662, 664, 669, 670, 675, 676, 678, 680, 683, 684, 687, 688, 690], "summary": {"covered_lines": 301, "num_statements": 326, "percent_covered": 91.13082039911308, "percent_covered_display": "91.13", "missing_lines": 25, "excluded_lines": 0, "num_branches": 125, "num_partial_branches": 13, "covered_branches": 110, "missing_branches": 15}, "missing_lines": [73, 75, 76, 77, 78, 80, 201, 202, 309, 345, 351, 352, 353, 354, 355, 481, 492, 493, 514, 516, 565, 629, 663, 665, 671], "excluded_lines": [], "executed_branches": [[52, 53], [52, 54], [68, -52], [68, 67], [72, 74], [74, 81], [81, 82], [81, 85], [130, 131], [130, 132], [134, 135], [134, 138], [141, -108], [141, 142], [171, 172], [171, 174], [174, 175], [181, 180], [181, 205], [191, 192], [191, 193], [220, 221], [220, 223], [221, 220], [221, 222], [223, -205], [223, 224], [226, 230], [226, 262], [278, 279], [278, 281], [291, 292], [291, 297], [301, 302], [301, 306], [307, 308], [307, 318], [308, 313], [327, -265], [327, 328], [328, 329], [328, 331], [341, 342], [349, 350], [395, 396], [395, 397], [397, -393], [397, 398], [397, 402], [408, -393], [408, 409], [444, 445], [444, 449], [471, -471], [471, 471], [471, 477], [471, 478], [495, -487], [495, 496], [497, 499], [497, 504], [500, 501], [500, 504], [501, 500], [501, 502], [504, 505], [504, 507], [510, 511], [510, 525], [517, 518], [517, 523], [519, 517], [519, 520], [525, 526], [532, 533], [532, 534], [534, 535], [534, 536], [564, 567], [587, 588], [587, 590], [595, 596], [595, 600], [603, 604], [603, 609], [604, 603], [604, 605], [609, 610], [609, 611], [625, 628], [625, 634], [628, 633], [635, -623], [635, 636], [636, 637], [636, 640], [641, 635], [641, 642], [644, 645], [644, 648], [658, 659], [658, 660], [660, 661], [660, 670], [662, 664], [664, 669], [670, 675], [675, 676], [675, 678], [680, 683], [680, 684], [687, 688]], "missing_branches": [[72, 73], [74, 75], [77, 78], [77, 80], [174, 177], [308, 309], [341, 345], [349, 351], [525, 495], [564, 565], [628, 629], [662, 663], [664, 665], [670, 671], [687, 690]]}, "src/scenic/syntax/veneer.py": {"executed_lines": [1, 10, 184, 193, 194, 199, 200, 201, 207, 208, 209, 225, 233, 234, 235, 237, 242, 243, 244, 245, 246, 247, 248, 249, 250, 251, 253, 264, 265, 266, 267, 268, 269, 276, 277, 278, 279, 280, 281, 282, 283, 297, 301, 302, 303, 304, 305, 306, 307, 308, 309, 310, 311, 312, 313, 314, 315, 316, 317, 324, 330, 333, 336, 337, 338, 339, 340, 344, 346, 347, 348, 349, 350, 351, 352, 353, 355, 356, 357, 358, 360, 361, 362, 365, 369, 370, 371, 372, 373, 374, 375, 376, 378, 379, 380, 381, 382, 383, 385, 387, 388, 389, 390, 391, 393, 399, 404, 405, 406, 409, 414, 415, 416, 417, 418, 419, 420, 421, 422, 423, 429, 439, 440, 441, 442, 443, 448, 449, 451, 452, 458, 460, 461, 462, 463, 465, 468, 471, 473, 474, 475, 476, 477, 478, 479, 480, 481, 484, 489, 490, 493, 496, 497, 498, 499, 500, 502, 507, 508, 511, 512, 518, 519, 521, 522, 523, 524, 525, 526, 528, 529, 530, 531, 533, 535, 536, 537, 538, 539, 544, 545, 546, 547, 548, 554, 555, 558, 559, 561, 562, 563, 564, 565, 566, 567, 578, 581, 582, 583, 586, 588, 591, 592, 593, 596, 597, 598, 599, 605, 606, 608, 609, 610, 611, 612, 614, 615, 616, 620, 623, 624, 626, 627, 628, 629, 631, 634, 635, 636, 637, 638, 640, 641, 644, 652, 653, 654, 655, 661, 662, 663, 664, 667, 673, 674, 675, 676, 677, 678, 681, 682, 683, 685, 686, 687, 688, 689, 692, 697, 698, 700, 702, 704, 709, 710, 713, 715, 716, 717, 719, 720, 723, 724, 726, 730, 731, 732, 733, 738, 739, 741, 746, 747, 748, 749, 750, 751, 752, 757, 759, 761, 766, 767, 769, 772, 773, 775, 778, 779, 781, 784, 791, 800, 802, 803, 804, 807, 809, 810, 811, 816, 817, 819, 821, 822, 824, 827, 828, 830, 831, 832, 835, 837, 839, 840, 841, 842, 845, 863, 864, 865, 866, 868, 869, 870, 873, 881, 882, 883, 886, 892, 893, 894, 895, 898, 900, 903, 904, 907, 908, 910, 912, 913, 914, 915, 916, 917, 919, 922, 924, 926, 928, 929, 930, 931, 932, 933, 939, 940, 941, 942, 943, 945, 946, 947, 950, 953, 954, 957, 961, 962, 965, 968, 969, 970, 972, 973, 975, 978, 981, 982, 984, 989, 993, 994, 997, 999, 1000, 1001, 1002, 1003, 1005, 1006, 1007, 1008, 1010, 1011, 1017, 1019, 1020, 1023, 1025, 1026, 1030, 1050, 1057, 1058, 1059, 1060, 1061, 1066, 1068, 1071, 1072, 1073, 1074, 1077, 1090, 1091, 1092, 1095, 1096, 1102, 1103, 1107, 1108, 1110, 1111, 1112, 1114, 1115, 1117, 1118, 1119, 1120, 1121, 1123, 1125, 1127, 1128, 1131, 1132, 1133, 1135, 1136, 1139, 1141, 1143, 1144, 1145, 1150, 1151, 1152, 1154, 1156, 1162, 1163, 1164, 1166, 1168, 1170, 1177, 1185, 1186, 1187, 1188, 1189, 1192, 1195, 1200, 1201, 1202, 1203, 1204, 1207, 1212, 1215, 1216, 1218, 1219, 1222, 1227, 1229, 1230, 1231, 1232, 1235, 1246, 1249, 1250, 1251, 1254, 1257, 1262, 1263, 1264, 1265, 1266, 1270, 1276, 1278, 1279, 1280, 1281, 1282, 1284, 1285, 1288, 1294, 1296, 1297, 1298, 1299, 1300, 1302, 1303, 1306, 1308, 1310, 1311, 1312, 1313, 1314, 1317, 1319, 1320, 1322, 1325, 1327, 1328, 1331, 1334, 1342, 1343, 1347, 1350, 1353, 1355, 1356, 1357, 1358, 1362, 1366, 1368, 1371, 1372, 1374, 1375, 1377, 1383, 1388, 1391, 1396, 1397, 1400, 1406, 1407, 1408, 1409, 1410, 1411, 1412, 1413, 1416, 1422, 1423, 1424, 1425, 1426, 1429, 1432, 1449, 1451, 1452, 1454, 1455, 1458, 1460, 1462, 1464, 1465, 1467, 1469, 1470, 1473, 1474, 1475, 1477, 1479, 1481, 1483, 1484, 1485, 1487, 1489, 1491, 1499, 1500, 1501, 1503, 1504, 1506, 1509, 1511, 1512, 1513, 1516, 1518, 1519, 1520, 1525, 1530, 1531, 1535, 1538, 1548, 1549, 1550, 1557, 1570, 1573, 1574, 1576, 1578, 1580, 1581, 1584, 1589, 1592, 1594, 1595, 1596, 1598, 1600, 1607, 1612, 1615, 1622, 1627, 1630, 1637, 1640, 1641, 1642, 1643, 1647, 1649, 1650, 1652, 1656, 1658, 1665, 1670, 1673, 1685, 1697, 1709, 1721, 1733, 1745, 1757, 1769, 1781, 1793, 1805, 1817, 1818, 1819, 1820, 1821, 1822, 1823, 1824, 1828, 1829, 1830, 1831, 1833, 1835, 1836, 1837, 1838, 1851, 1852, 1853, 1854, 1858, 1860, 1861, 1866, 1867, 1870, 1881, 1882, 1883, 1884, 1885, 1886, 1887, 1888, 1895, 1904, 1906, 1907, 1908, 1909, 1912, 1918, 1924, 1927, 1929, 1930, 1931, 1932, 1934, 1941, 1946, 1948, 1949, 1950, 1951, 1954, 1956, 1963, 1968, 1970, 1974, 1975, 1976, 1977, 1979, 1986, 1991, 1993, 1997, 1998, 1999, 2000, 2002, 2009, 2014, 2016, 2017, 2018, 2019, 2020, 2022, 2029, 2036, 2037, 2038, 2039, 2043, 2044, 2046, 2059, 2060, 2061, 2064, 2065, 2066, 2069, 2070, 2071, 2074, 2075, 2076, 2079, 2080, 2081, 2084, 2085, 2088, 2089, 2090, 2091, 2097, 2098, 2101, 2105, 2109, 2113, 2114, 2117, 2118, 2121, 2122, 2125, 2126, 2129, 2130], "summary": {"covered_lines": 800, "num_statements": 881, "percent_covered": 88.45843422114609, "percent_covered_display": "88.46", "missing_lines": 81, "excluded_lines": 0, "num_branches": 358, "num_partial_branches": 54, "covered_branches": 296, "missing_branches": 62}, "missing_lines": [431, 432, 433, 445, 472, 542, 572, 573, 574, 576, 618, 645, 646, 679, 699, 701, 703, 705, 718, 734, 753, 758, 768, 774, 780, 786, 787, 788, 793, 794, 795, 818, 820, 829, 838, 909, 911, 925, 927, 937, 958, 976, 979, 985, 990, 1004, 1069, 1113, 1140, 1142, 1148, 1157, 1158, 1160, 1172, 1228, 1272, 1273, 1283, 1290, 1291, 1301, 1309, 1321, 1329, 1348, 1351, 1427, 1428, 1471, 1521, 1522, 1590, 1613, 1638, 1644, 1826, 1911, 2102, 2106, 2110], "excluded_lines": [], "executed_branches": [[336, 337], [336, 344], [344, 346], [344, 355], [378, 379], [378, 393], [385, -365], [385, 387], [404, 405], [414, 415], [414, 416], [416, 417], [416, 418], [418, -409], [418, 419], [422, -409], [422, 423], [440, 441], [440, 442], [442, 443], [449, 451], [449, 452], [471, 473], [484, -468], [484, 484], [484, 489], [502, -493], [502, 502], [502, 507], [519, 518], [519, 554], [524, 525], [524, 528], [533, -533], [533, 533], [533, 535], [535, 536], [535, 537], [547, -518], [547, 548], [559, 558], [559, 581], [562, 563], [562, 564], [582, -581], [582, 583], [598, -596], [598, 599], [606, 605], [606, 623], [614, 615], [624, 623], [624, 634], [636, 637], [636, 640], [662, 663], [662, 664], [674, 675], [674, 677], [675, 676], [675, 689], [677, 678], [677, 685], [678, 681], [686, 687], [686, 689], [687, 686], [687, 688], [697, 698], [697, 700], [698, 710], [700, 702], [702, 704], [704, 709], [715, 716], [715, 717], [717, 719], [719, 720], [719, 723], [723, 724], [723, 741], [724, 726], [724, 730], [730, -713], [730, 731], [733, 738], [738, -713], [738, 739], [747, 748], [749, 750], [749, 761], [752, 757], [757, 759], [767, 769], [773, 775], [779, 781], [802, 803], [802, 804], [809, 810], [817, 819], [819, 821], [821, 822], [821, 824], [828, 830], [837, 839], [863, -845], [863, 864], [864, 865], [865, 866], [865, 868], [892, 893], [892, 894], [908, 910], [910, 912], [913, 914], [913, 915], [916, 917], [916, 919], [924, 926], [926, 928], [932, 933], [939, -922], [939, 940], [941, 942], [941, 945], [942, -922], [942, 943], [945, -922], [945, 946], [946, 945], [946, 947], [953, 954], [953, 957], [957, 961], [961, -950], [961, 962], [962, 961], [962, 962], [962, 965], [999, 1000], [999, 1001], [1001, 1002], [1001, 1003], [1003, 1005], [1005, -997], [1005, 1006], [1006, 1007], [1006, 1008], [1057, 1058], [1057, 1066], [1058, -1058], [1058, 1058], [1058, 1059], [1068, 1071], [1071, 1072], [1071, 1073], [1091, 1090], [1091, 1095], [1111, 1112], [1111, 1125], [1112, 1114], [1125, 1127], [1125, 1150], [1127, 1128], [1127, 1131], [1131, 1132], [1131, 1135], [1139, 1141], [1141, 1143], [1143, 1144], [1150, 1151], [1150, 1156], [1156, 1162], [1162, 1163], [1162, 1168], [1168, 1170], [1187, 1188], [1187, 1189], [1201, 1202], [1201, 1203], [1215, 1216], [1215, 1218], [1227, 1229], [1229, 1230], [1229, 1231], [1249, 1250], [1249, 1251], [1263, 1264], [1263, 1265], [1279, 1280], [1279, 1281], [1282, 1284], [1297, 1298], [1297, 1299], [1300, 1302], [1308, 1310], [1320, 1322], [1328, 1331], [1342, 1343], [1342, 1347], [1347, 1350], [1350, 1353], [1356, 1355], [1356, 1368], [1357, 1358], [1357, 1362], [1362, -1362], [1362, 1362], [1362, 1366], [1372, 1371], [1372, 1383], [1374, 1375], [1374, 1377], [1410, 1411], [1410, 1413], [1426, 1429], [1449, 1451], [1449, 1452], [1452, 1454], [1452, 1455], [1455, 1458], [1455, 1460], [1464, 1465], [1464, 1467], [1469, 1470], [1469, 1474], [1470, 1473], [1474, 1475], [1474, 1477], [1483, 1484], [1483, 1487], [1500, 1499], [1500, 1509], [1503, 1504], [1503, 1506], [1511, 1512], [1511, 1513], [1513, -1513], [1513, 1513], [1513, 1516], [1513, 1518], [1573, 1574], [1573, 1576], [1580, 1581], [1580, 1584], [1589, 1592], [1612, 1615], [1637, 1640], [1642, 1643], [1643, 1647], [1649, 1650], [1649, 1652], [1685, -1685], [1685, -1673], [1685, 1685], [1709, -1709], [1709, -1697], [1709, 1709], [1733, -1733], [1733, -1721], [1733, 1733], [1757, -1757], [1757, -1745], [1757, 1757], [1781, -1781], [1781, -1769], [1781, 1781], [1805, -1805], [1805, -1793], [1805, 1805], [1819, 1820], [1819, 1821], [1821, 1822], [1821, 1823], [1823, 1824], [1829, 1828], [1829, 1835], [1830, 1831], [1830, 1833], [1835, 1836], [1835, 1852], [1838, -1838], [1838, 1838], [1838, 1851], [1852, 1853], [1852, 1860], [1854, -1854], [1854, 1854], [1854, 1858], [1861, -1861], [1861, 1861], [1861, 1866], [1881, 1882], [1881, 1883], [1904, 1906], [1904, 1924], [1908, 1909], [2037, 2038], [2037, 2039], [2060, 2059], [2060, 2064], [2065, 2064], [2065, 2069], [2070, 2069], [2070, 2074], [2075, 2074], [2075, 2079], [2080, 2079], [2080, 2084], [2089, -2089], [2089, 2089], [2089, 2090], [2089, 2091]], "missing_branches": [[404, -399], [431, -429], [431, 432], [442, 445], [471, 472], [572, 573], [572, 576], [614, 618], [678, 679], [698, 699], [700, 701], [702, 703], [704, 705], [717, 718], [733, 734], [747, 749], [752, 753], [757, 758], [767, 768], [773, 774], [779, 780], [786, 787], [786, 788], [793, 794], [793, 795], [809, 811], [817, 818], [819, 820], [828, 829], [837, 838], [864, 870], [908, 909], [910, 911], [924, 925], [926, 927], [932, 937], [957, 958], [1003, 1004], [1068, 1069], [1112, 1113], [1139, 1140], [1141, 1142], [1143, 1148], [1156, 1157], [1168, 1172], [1227, 1228], [1282, 1283], [1300, 1301], [1308, 1309], [1320, 1321], [1328, 1329], [1347, 1348], [1350, 1351], [1426, 1427], [1470, 1471], [1589, 1590], [1612, 1613], [1637, 1638], [1642, 1649], [1643, 1644], [1823, 1826], [1908, 1911]]}}, "totals": {"covered_lines": 17985, "num_statements": 22747, "percent_covered": 78.25571498054475, "percent_covered_display": "78.26", "missing_lines": 4762, "excluded_lines": 283, "num_branches": 10149, "num_partial_branches": 857, "covered_branches": 7758, "missing_branches": 2391}}